########theia output file for simulation:########
			CavitySimulation


##########META DATA##########
Generated at: Fri May 19 12:05:43 2017
Input file: cavity.tia
Simulation Order: 0
Simulation Threshold: 0.5mW
Number of Components: 2
Number of Optics: 2

##########SIMULATION DATA##########
Simulation: CavitySimulation (cavity.*) {
	InBeams: {
		Beam:  (ORI) {
			Power: 1.0W/Index: 1.0/Wavelength: 1064.0nm/Length: 0.499999999893m
			Order: 0
			Origin: [ 0.  0.  0.]
			Direction: [  1.00000000e+00   0.00000000e+00   6.12323400e-17]
			Ux: [ -6.12323400e-17   0.00000000e+00   1.00000000e+00]
			Uy: [ 0. -1.  0.]
			Tens: [-2j, 0j]
			      [0j, -2.0001j]
			Waist Pos: (0.0, 0.0)m
			Waist Size: (0.00041151046092387087, 0.00041149998789551692)m
			Rayleigh: (0.5, 0.49997455011214043)m
			ROC: inf
		}
	}
	BeamTrees: {
		Tree: {
			Root beam: 
			Number of beams: 73
		}
	}
}

##########BEAM LISTING##########
Tree: Root beam =  {
	Beam:  (ORI) {
		Power: 1.0W/Index: 1.0/Wavelength: 1064.0nm/Length: 0.499999999893m
		Order: 0
		Origin: [ 0.  0.  0.]
		Direction: [  1.00000000e+00   0.00000000e+00   6.12323400e-17]
		Ux: [ -6.12323400e-17   0.00000000e+00   1.00000000e+00]
		Uy: [ 0. -1.  0.]
		Tens: [-2j, 0j]
		      [0j, -2.0001j]
		Waist Pos: (0.0, 0.0)m
		Waist Size: (0.00041151046092387087, 0.00041149998789551692)m
		Rayleigh: (0.5, 0.49997455011214043)m
		ROC: inf
	}
	Beam: Beam1 (ORIr) {
		Power: 0.9W/Index: 1.0/Wavelength: 1064.0nm/Length: 0.999999999787m
		Order: 0
		Origin: [  5.00000000e-01   0.00000000e+00   3.06161700e-17]
		Direction: [ -1.00000000e+00   1.21850818e-16   3.03092390e-17]
		Ux: [  6.12323400e-17  -7.46121071e-33   1.00000000e+00]
		Uy: [  1.21850818e-16   1.00000000e+00  -1.36845553e-48]
		Tens: [(-1-1j), (-1.49228012079e-32+1.49224214146e-32j)]
		      [(-1.49228012079e-32+1.49224214146e-32j), (-0.999949098929-0.999999998705j)]
		Waist Pos: (0.5, 0.5)m
		Waist Size: (0.0004115209342187724, 0.00041151046092387087)m
		Rayleigh: (0.50002545118331909, 0.5)m
		ROC: (-1.0000509036621636, -1.0)
	}
	Beam: Beam2 (ORIrr) {
		Power: 0.81W/Index: 1.0/Wavelength: 1064.0nm/Length: 0.999999999787m
		Order: 0
		Origin: [ -5.00000000e-01   1.21850818e-16   6.09254090e-17]
		Direction: [  1.00000000e+00  -1.21850818e-16   6.46314972e-27]
		Ux: [ -6.12323400e-17   7.46121071e-33   1.00000000e+00]
		Uy: [ -1.21850818e-16  -1.00000000e+00   0.00000000e+00]
		Tens: [(-1-1.00000000043j), (-1.49220416181e-32+1.49231809914e-32j)]
		      [(-1.49220416181e-32+1.49231809914e-32j), (-1.00005090107-0.999999999131j)]
		Waist Pos: (0.49999999978675991, 0.49999999978678167)m
		Waist Size: (0.00041151046092387087, 0.00041149998789551698)m
		Rayleigh: (0.5, 0.49997455011214048)m
		ROC: (-1.0, -0.99994910151965288)
	}
	Beam: Beam3 (ORIrrr) {
		Power: 0.729W/Index: 1.0/Wavelength: 1064.0nm/Length: 0.999999999787m
		Order: 0
		Origin: [  5.00000000e-01   2.59834758e-26   6.09254090e-17]
		Direction: [ -1.00000000e+00   1.21850818e-16   0.00000000e+00]
		Ux: [  6.12323400e-17  -7.46121071e-33   1.00000000e+00]
		Uy: [  1.21850818e-16   1.00000000e+00   0.00000000e+00]
		Tens: [(-1-1j), (-1.4922801192e-32+1.49224214241e-32j)]
		      [(-1.4922801192e-32+1.49224214241e-32j), (-0.999949098929-0.999999998705j)]
		Waist Pos: (0.49999999999997824, 0.5)m
		Waist Size: (0.0004115209342187724, 0.00041151046092387087)m
		Rayleigh: (0.50002545118331909, 0.5)m
		ROC: (-1.0000509036621636, -1.0)
	}
	Beam: Beam4 (ORIrrrr) {
		Power: 0.6561W/Index: 1.0/Wavelength: 1064.0nm/Length: 0.999999999787m
		Order: 0
		Origin: [ -5.00000000e-01   1.21850818e-16   6.09254090e-17]
		Direction: [  1.00000000e+00  -1.21850818e-16   0.00000000e+00]
		Ux: [ -6.12323400e-17   7.46121071e-33   1.00000000e+00]
		Uy: [ -1.21850818e-16  -1.00000000e+00   0.00000000e+00]
		Tens: [(-1-1.00000000043j), (-1.49220416054e-32+1.49231810041e-32j)]
		      [(-1.49220416054e-32+1.49231810041e-32j), (-1.00005090107-0.999999999131j)]
		Waist Pos: (0.49999999978675991, 0.49999999978680343)m
		Waist Size: (0.00041151046092387087, 0.00041149998789551692)m
		Rayleigh: (0.5, 0.49997455011214043)m
		ROC: (-1.0, -0.99994910151965266)
	}
	Beam: Beam5 (ORIrrrrr) {
		Power: 0.59049W/Index: 1.0/Wavelength: 1064.0nm/Length: 0.999999999787m
		Order: 0
		Origin: [  5.00000000e-01   2.59834758e-26   6.09254090e-17]
		Direction: [ -1.00000000e+00   1.21850818e-16   0.00000000e+00]
		Ux: [  6.12323400e-17  -7.46121071e-33   1.00000000e+00]
		Uy: [  1.21850818e-16   1.00000000e+00   0.00000000e+00]
		Tens: [(-1-1j), (-1.49228011792e-32+1.49224214369e-32j)]
		      [(-1.49228011792e-32+1.49224214369e-32j), (-0.999949098929-0.999999998705j)]
		Waist Pos: (0.49999999999995648, 0.5)m
		Waist Size: (0.0004115209342187724, 0.00041151046092387087)m
		Rayleigh: (0.50002545118331909, 0.5)m
		ROC: (-1.0000509036621636, -1.0)
	}
	Beam: Beam6 (ORIrrrrrr) {
		Power: 0.531441W/Index: 1.0/Wavelength: 1064.0nm/Length: 0.999999999787m
		Order: 0
		Origin: [ -5.00000000e-01   1.21850818e-16   6.09254090e-17]
		Direction: [  1.00000000e+00  -1.21850818e-16   0.00000000e+00]
		Ux: [ -6.12323400e-17   7.46121071e-33   1.00000000e+00]
		Uy: [ -1.21850818e-16  -1.00000000e+00   0.00000000e+00]
		Tens: [(-1-1.00000000043j), (-1.49220415927e-32+1.49231810168e-32j)]
		      [(-1.49220415927e-32+1.49231810168e-32j), (-1.00005090107-0.999999999131j)]
		Waist Pos: (0.49999999978675991, 0.49999999978682519)m
		Waist Size: (0.00041151046092387087, 0.00041149998789551692)m
		Rayleigh: (0.5, 0.49997455011214043)m
		ROC: (-1.0, -0.99994910151965266)
	}
	Beam: Beam7 (ORIrrrrrrr) {
		Power: 0.4782969W/Index: 1.0/Wavelength: 1064.0nm/Length: 0.999999999787m
		Order: 0
		Origin: [  5.00000000e-01   2.59834758e-26   6.09254090e-17]
		Direction: [ -1.00000000e+00   1.21850818e-16   0.00000000e+00]
		Ux: [  6.12323400e-17  -7.46121071e-33   1.00000000e+00]
		Uy: [  1.21850818e-16   1.00000000e+00   0.00000000e+00]
		Tens: [(-1-1j), (-1.49228011665e-32+1.49224214496e-32j)]
		      [(-1.49228011665e-32+1.49224214496e-32j), (-0.999949098929-0.999999998705j)]
		Waist Pos: (0.49999999999993472, 0.5)m
		Waist Size: (0.0004115209342187724, 0.00041151046092387087)m
		Rayleigh: (0.50002545118331909, 0.5)m
		ROC: (-1.0000509036621636, -1.0)
	}
	Beam: Beam8 (ORIrrrrrrrr) {
		Power: 0.43046721W/Index: 1.0/Wavelength: 1064.0nm/Length: 0.999999999787m
		Order: 0
		Origin: [ -5.00000000e-01   1.21850818e-16   6.09254090e-17]
		Direction: [  1.00000000e+00  -1.21850818e-16   0.00000000e+00]
		Ux: [ -6.12323400e-17   7.46121071e-33   1.00000000e+00]
		Uy: [ -1.21850818e-16  -1.00000000e+00   0.00000000e+00]
		Tens: [(-1-1.00000000043j), (-1.49220415799e-32+1.49231810296e-32j)]
		      [(-1.49220415799e-32+1.49231810296e-32j), (-1.00005090107-0.999999999131j)]
		Waist Pos: (0.49999999978675991, 0.49999999978684695)m
		Waist Size: (0.00041151046092387087, 0.00041149998789551692)m
		Rayleigh: (0.5, 0.49997455011214043)m
		ROC: (-1.0, -0.99994910151965266)
	}
	Beam: Beam9 (ORIrrrrrrrrr) {
		Power: 0.387420489W/Index: 1.0/Wavelength: 1064.0nm/Length: 0.999999999787m
		Order: 0
		Origin: [  5.00000000e-01   2.59834758e-26   6.09254090e-17]
		Direction: [ -1.00000000e+00   1.21850818e-16   0.00000000e+00]
		Ux: [  6.12323400e-17  -7.46121071e-33   1.00000000e+00]
		Uy: [  1.21850818e-16   1.00000000e+00   0.00000000e+00]
		Tens: [(-1-1j), (-1.49228011538e-32+1.49224214623e-32j)]
		      [(-1.49228011538e-32+1.49224214623e-32j), (-0.999949098929-0.999999998705j)]
		Waist Pos: (0.49999999999991296, 0.5)m
		Waist Size: (0.0004115209342187724, 0.00041151046092387087)m
		Rayleigh: (0.50002545118331909, 0.5)m
		ROC: (-1.0000509036621636, -1.0)
	}
	Beam: Beam10 (ORIrrrrrrrrrr) {
		Power: 0.3486784401W/Index: 1.0/Wavelength: 1064.0nm/Length: 0.999999999787m
		Order: 0
		Origin: [ -5.00000000e-01   1.21850818e-16   6.09254090e-17]
		Direction: [  1.00000000e+00  -1.21850818e-16   0.00000000e+00]
		Ux: [ -6.12323400e-17   7.46121071e-33   1.00000000e+00]
		Uy: [ -1.21850818e-16  -1.00000000e+00   0.00000000e+00]
		Tens: [(-1-1.00000000043j), (-1.49220415672e-32+1.49231810423e-32j)]
		      [(-1.49220415672e-32+1.49231810423e-32j), (-1.00005090107-0.999999999131j)]
		Waist Pos: (0.49999999978675991, 0.49999999978686871)m
		Waist Size: (0.00041151046092387087, 0.00041149998789551692)m
		Rayleigh: (0.5, 0.49997455011214043)m
		ROC: (-1.0, -0.99994910151965266)
	}
	Beam: Beam11 (ORIrrrrrrrrrrr) {
		Power: 0.31381059609W/Index: 1.0/Wavelength: 1064.0nm/Length: 0.999999999787m
		Order: 0
		Origin: [  5.00000000e-01   2.59834758e-26   6.09254090e-17]
		Direction: [ -1.00000000e+00   1.21850818e-16   0.00000000e+00]
		Ux: [  6.12323400e-17  -7.46121071e-33   1.00000000e+00]
		Uy: [  1.21850818e-16   1.00000000e+00   0.00000000e+00]
		Tens: [(-1-1j), (-1.49228011411e-32+1.49224214751e-32j)]
		      [(-1.49228011411e-32+1.49224214751e-32j), (-0.999949098929-0.999999998705j)]
		Waist Pos: (0.4999999999998912, 0.5)m
		Waist Size: (0.0004115209342187724, 0.00041151046092387087)m
		Rayleigh: (0.50002545118331909, 0.5)m
		ROC: (-1.0000509036621636, -1.0)
	}
	Beam: Beam12 (ORIrrrrrrrrrrrr) {
		Power: 0.282429536481W/Index: 1.0/Wavelength: 1064.0nm/Length: 0.999999999787m
		Order: 0
		Origin: [ -5.00000000e-01   1.21850818e-16   6.09254090e-17]
		Direction: [  1.00000000e+00  -1.21850818e-16   0.00000000e+00]
		Ux: [ -6.12323400e-17   7.46121071e-33   1.00000000e+00]
		Uy: [ -1.21850818e-16  -1.00000000e+00   0.00000000e+00]
		Tens: [(-1-1.00000000043j), (-1.49220415545e-32+1.4923181055e-32j)]
		      [(-1.49220415545e-32+1.4923181055e-32j), (-1.00005090107-0.999999999131j)]
		Waist Pos: (0.49999999978675991, 0.49999999978689047)m
		Waist Size: (0.00041151046092387087, 0.00041149998789551687)m
		Rayleigh: (0.5, 0.49997455011214031)m
		ROC: (-1.0, -0.99994910151965244)
	}
	Beam: Beam13 (ORIrrrrrrrrrrrrr) {
		Power: 0.254186582833W/Index: 1.0/Wavelength: 1064.0nm/Length: 0.999999999787m
		Order: 0
		Origin: [  5.00000000e-01   2.59834758e-26   6.09254090e-17]
		Direction: [ -1.00000000e+00   1.21850818e-16   0.00000000e+00]
		Ux: [  6.12323400e-17  -7.46121071e-33   1.00000000e+00]
		Uy: [  1.21850818e-16   1.00000000e+00   0.00000000e+00]
		Tens: [(-1-1j), (-1.49228011283e-32+1.49224214878e-32j)]
		      [(-1.49228011283e-32+1.49224214878e-32j), (-0.999949098929-0.999999998705j)]
		Waist Pos: (0.49999999999986933, 0.5)m
		Waist Size: (0.00041152093421877245, 0.00041151046092387087)m
		Rayleigh: (0.5000254511833192, 0.5)m
		ROC: (-1.0000509036621639, -1.0)
	}
	Beam: Beam14 (ORIrrrrrrrrrrrrrr) {
		Power: 0.22876792455W/Index: 1.0/Wavelength: 1064.0nm/Length: 0.999999999787m
		Order: 0
		Origin: [ -5.00000000e-01   1.21850818e-16   6.09254090e-17]
		Direction: [  1.00000000e+00  -1.21850818e-16   0.00000000e+00]
		Ux: [ -6.12323400e-17   7.46121071e-33   1.00000000e+00]
		Uy: [ -1.21850818e-16  -1.00000000e+00   0.00000000e+00]
		Tens: [(-1-1.00000000043j), (-1.49220415418e-32+1.49231810677e-32j)]
		      [(-1.49220415418e-32+1.49231810677e-32j), (-1.00005090107-0.999999999131j)]
		Waist Pos: (0.49999999978675991, 0.49999999978691223)m
		Waist Size: (0.00041151046092387087, 0.00041149998789551687)m
		Rayleigh: (0.5, 0.49997455011214031)m
		ROC: (-1.0, -0.99994910151965244)
	}
	Beam: Beam15 (ORIrrrrrrrrrrrrrrr) {
		Power: 0.205891132095W/Index: 1.0/Wavelength: 1064.0nm/Length: 0.999999999787m
		Order: 0
		Origin: [  5.00000000e-01   2.59834758e-26   6.09254090e-17]
		Direction: [ -1.00000000e+00   1.21850818e-16   0.00000000e+00]
		Ux: [  6.12323400e-17  -7.46121071e-33   1.00000000e+00]
		Uy: [  1.21850818e-16   1.00000000e+00   0.00000000e+00]
		Tens: [(-1-1j), (-1.49228011156e-32+1.49224215005e-32j)]
		      [(-1.49228011156e-32+1.49224215005e-32j), (-0.999949098929-0.999999998705j)]
		Waist Pos: (0.49999999999984746, 0.5)m
		Waist Size: (0.00041152093421877245, 0.00041151046092387087)m
		Rayleigh: (0.5000254511833192, 0.5)m
		ROC: (-1.0000509036621639, -1.0)
	}
	Beam: Beam16 (ORIrrrrrrrrrrrrrrrr) {
		Power: 0.185302018885W/Index: 1.0/Wavelength: 1064.0nm/Length: 0.999999999787m
		Order: 0
		Origin: [ -5.00000000e-01   1.21850818e-16   6.09254090e-17]
		Direction: [  1.00000000e+00  -1.21850818e-16   0.00000000e+00]
		Ux: [ -6.12323400e-17   7.46121071e-33   1.00000000e+00]
		Uy: [ -1.21850818e-16  -1.00000000e+00   0.00000000e+00]
		Tens: [(-1-1.00000000043j), (-1.4922041529e-32+1.49231810805e-32j)]
		      [(-1.4922041529e-32+1.49231810805e-32j), (-1.00005090107-0.999999999131j)]
		Waist Pos: (0.49999999978675991, 0.49999999978693421)m
		Waist Size: (0.00041151046092387087, 0.00041149998789551687)m
		Rayleigh: (0.5, 0.49997455011214031)m
		ROC: (-1.0, -0.99994910151965244)
	}
	Beam: Beam17 (ORIrrrrrrrrrrrrrrrrr) {
		Power: 0.166771816997W/Index: 1.0/Wavelength: 1064.0nm/Length: 0.999999999787m
		Order: 0
		Origin: [  5.00000000e-01   2.59834758e-26   6.09254090e-17]
		Direction: [ -1.00000000e+00   1.21850818e-16   0.00000000e+00]
		Ux: [  6.12323400e-17  -7.46121071e-33   1.00000000e+00]
		Uy: [  1.21850818e-16   1.00000000e+00   0.00000000e+00]
		Tens: [(-1-1j), (-1.49228011029e-32+1.49224215132e-32j)]
		      [(-1.49228011029e-32+1.49224215132e-32j), (-0.999949098929-0.999999998705j)]
		Waist Pos: (0.49999999999982558, 0.5)m
		Waist Size: (0.00041152093421877245, 0.00041151046092387087)m
		Rayleigh: (0.5000254511833192, 0.5)m
		ROC: (-1.0000509036621639, -1.0)
	}
	Beam: Beam18 (ORIrrrrrrrrrrrrrrrrrr) {
		Power: 0.150094635297W/Index: 1.0/Wavelength: 1064.0nm/Length: 0.999999999787m
		Order: 0
		Origin: [ -5.00000000e-01   1.21850818e-16   6.09254090e-17]
		Direction: [  1.00000000e+00  -1.21850818e-16   0.00000000e+00]
		Ux: [ -6.12323400e-17   7.46121071e-33   1.00000000e+00]
		Uy: [ -1.21850818e-16  -1.00000000e+00   0.00000000e+00]
		Tens: [(-1-1.00000000043j), (-1.49220415163e-32+1.49231810932e-32j)]
		      [(-1.49220415163e-32+1.49231810932e-32j), (-1.00005090107-0.999999999131j)]
		Waist Pos: (0.49999999978675991, 0.49999999978695597)m
		Waist Size: (0.00041151046092387087, 0.00041149998789551687)m
		Rayleigh: (0.5, 0.49997455011214031)m
		ROC: (-1.0, -0.99994910151965244)
	}
	Beam: Beam19 (ORIrrrrrrrrrrrrrrrrrrr) {
		Power: 0.135085171767W/Index: 1.0/Wavelength: 1064.0nm/Length: 0.999999999787m
		Order: 0
		Origin: [  5.00000000e-01   2.59834758e-26   6.09254090e-17]
		Direction: [ -1.00000000e+00   1.21850818e-16   0.00000000e+00]
		Ux: [  6.12323400e-17  -7.46121071e-33   1.00000000e+00]
		Uy: [  1.21850818e-16   1.00000000e+00   0.00000000e+00]
		Tens: [(-1-1j), (-1.49228010901e-32+1.4922421526e-32j)]
		      [(-1.49228010901e-32+1.4922421526e-32j), (-0.999949098929-0.999999998705j)]
		Waist Pos: (0.49999999999980371, 0.5)m
		Waist Size: (0.00041152093421877245, 0.00041151046092387087)m
		Rayleigh: (0.5000254511833192, 0.5)m
		ROC: (-1.0000509036621639, -1.0)
	}
	Beam: Beam20 (ORIrrrrrrrrrrrrrrrrrrrr) {
		Power: 0.121576654591W/Index: 1.0/Wavelength: 1064.0nm/Length: 0.999999999787m
		Order: 0
		Origin: [ -5.00000000e-01   1.21850818e-16   6.09254090e-17]
		Direction: [  1.00000000e+00  -1.21850818e-16   0.00000000e+00]
		Ux: [ -6.12323400e-17   7.46121071e-33   1.00000000e+00]
		Uy: [ -1.21850818e-16  -1.00000000e+00   0.00000000e+00]
		Tens: [(-1-1.00000000043j), (-1.49220415036e-32+1.49231811059e-32j)]
		      [(-1.49220415036e-32+1.49231811059e-32j), (-1.00005090107-0.999999999131j)]
		Waist Pos: (0.49999999978675991, 0.49999999978697796)m
		Waist Size: (0.00041151046092387087, 0.00041149998789551692)m
		Rayleigh: (0.5, 0.49997455011214037)m
		ROC: (-1.0, -0.99994910151965266)
	}
	Beam: Beam21 (ORIrrrrrrrrrrrrrrrrrrrrr) {
		Power: 0.109418989132W/Index: 1.0/Wavelength: 1064.0nm/Length: 0.999999999787m
		Order: 0
		Origin: [  5.00000000e-01   2.59834758e-26   6.09254090e-17]
		Direction: [ -1.00000000e+00   1.21850818e-16   0.00000000e+00]
		Ux: [  6.12323400e-17  -7.46121071e-33   1.00000000e+00]
		Uy: [  1.21850818e-16   1.00000000e+00   0.00000000e+00]
		Tens: [(-1-1j), (-1.49228010774e-32+1.49224215387e-32j)]
		      [(-1.49228010774e-32+1.49224215387e-32j), (-0.999949098929-0.999999998705j)]
		Waist Pos: (0.49999999999978184, 0.5)m
		Waist Size: (0.00041152093421877245, 0.00041151046092387087)m
		Rayleigh: (0.5000254511833192, 0.5)m
		ROC: (-1.0000509036621639, -1.0)
	}
	Beam: Beam22 (ORIrrrrrrrrrrrrrrrrrrrrrr) {
		Power: 0.0984770902184W/Index: 1.0/Wavelength: 1064.0nm/Length: 0.999999999787m
		Order: 0
		Origin: [ -5.00000000e-01   1.21850818e-16   6.09254090e-17]
		Direction: [  1.00000000e+00  -1.21850818e-16   0.00000000e+00]
		Ux: [ -6.12323400e-17   7.46121071e-33   1.00000000e+00]
		Uy: [ -1.21850818e-16  -1.00000000e+00   0.00000000e+00]
		Tens: [(-1-1.00000000043j), (-1.49220414908e-32+1.49231811187e-32j)]
		      [(-1.49220414908e-32+1.49231811187e-32j), (-1.00005090107-0.999999999131j)]
		Waist Pos: (0.49999999978675991, 0.49999999978699972)m
		Waist Size: (0.00041151046092387087, 0.00041149998789551687)m
		Rayleigh: (0.5, 0.49997455011214031)m
		ROC: (-1.0, -0.99994910151965244)
	}
	Beam: Beam23 (ORIrrrrrrrrrrrrrrrrrrrrrrr) {
		Power: 0.0886293811965W/Index: 1.0/Wavelength: 1064.0nm/Length: 0.999999999787m
		Order: 0
		Origin: [  5.00000000e-01   2.59834758e-26   6.09254090e-17]
		Direction: [ -1.00000000e+00   1.21850818e-16   0.00000000e+00]
		Ux: [  6.12323400e-17  -7.46121071e-33   1.00000000e+00]
		Uy: [  1.21850818e-16   1.00000000e+00   0.00000000e+00]
		Tens: [(-1-1j), (-1.49228010647e-32+1.49224215514e-32j)]
		      [(-1.49228010647e-32+1.49224215514e-32j), (-0.999949098929-0.999999998705j)]
		Waist Pos: (0.49999999999975997, 0.5)m
		Waist Size: (0.00041152093421877245, 0.00041151046092387087)m
		Rayleigh: (0.5000254511833192, 0.5)m
		ROC: (-1.0000509036621639, -1.0)
	}
	Beam: Beam24 (ORIrrrrrrrrrrrrrrrrrrrrrrrr) {
		Power: 0.0797664430769W/Index: 1.0/Wavelength: 1064.0nm/Length: 0.999999999787m
		Order: 0
		Origin: [ -5.00000000e-01   1.21850818e-16   6.09254090e-17]
		Direction: [  1.00000000e+00  -1.21850818e-16   0.00000000e+00]
		Ux: [ -6.12323400e-17   7.46121071e-33   1.00000000e+00]
		Uy: [ -1.21850818e-16  -1.00000000e+00   0.00000000e+00]
		Tens: [(-1-1.00000000043j), (-1.49220414781e-32+1.49231811314e-32j)]
		      [(-1.49220414781e-32+1.49231811314e-32j), (-1.00005090107-0.999999999131j)]
		Waist Pos: (0.49999999978675991, 0.4999999997870217)m
		Waist Size: (0.00041151046092387087, 0.00041149998789551687)m
		Rayleigh: (0.5, 0.49997455011214031)m
		ROC: (-1.0, -0.99994910151965244)
	}
	Beam: Beam25 (ORIrrrrrrrrrrrrrrrrrrrrrrrrr) {
		Power: 0.0717897987692W/Index: 1.0/Wavelength: 1064.0nm/Length: 0.999999999787m
		Order: 0
		Origin: [  5.00000000e-01   2.59834758e-26   6.09254090e-17]
		Direction: [ -1.00000000e+00   1.21850818e-16   0.00000000e+00]
		Ux: [  6.12323400e-17  -7.46121071e-33   1.00000000e+00]
		Uy: [  1.21850818e-16   1.00000000e+00   0.00000000e+00]
		Tens: [(-1-1j), (-1.4922801052e-32+1.49224215642e-32j)]
		      [(-1.4922801052e-32+1.49224215642e-32j), (-0.999949098929-0.999999998705j)]
		Waist Pos: (0.4999999999997381, 0.5)m
		Waist Size: (0.00041152093421877245, 0.00041151046092387087)m
		Rayleigh: (0.5000254511833192, 0.5)m
		ROC: (-1.0000509036621639, -1.0)
	}
	Beam: Beam26 (ORIrrrrrrrrrrrrrrrrrrrrrrrrrr) {
		Power: 0.0646108188923W/Index: 1.0/Wavelength: 1064.0nm/Length: 0.999999999787m
		Order: 0
		Origin: [ -5.00000000e-01   1.21850818e-16   6.09254090e-17]
		Direction: [  1.00000000e+00  -1.21850818e-16   0.00000000e+00]
		Ux: [ -6.12323400e-17   7.46121071e-33   1.00000000e+00]
		Uy: [ -1.21850818e-16  -1.00000000e+00   0.00000000e+00]
		Tens: [(-1-1.00000000043j), (-1.49220414654e-32+1.49231811441e-32j)]
		      [(-1.49220414654e-32+1.49231811441e-32j), (-1.00005090107-0.99999999913j)]
		Waist Pos: (0.49999999978675991, 0.49999999978704346)m
		Waist Size: (0.00041151046092387087, 0.00041149998789551687)m
		Rayleigh: (0.5, 0.49997455011214031)m
		ROC: (-1.0, -0.99994910151965244)
	}
	Beam: Beam27 (ORIrrrrrrrrrrrrrrrrrrrrrrrrrrr) {
		Power: 0.058149737003W/Index: 1.0/Wavelength: 1064.0nm/Length: 0.999999999787m
		Order: 0
		Origin: [  5.00000000e-01   2.59834758e-26   6.09254090e-17]
		Direction: [ -1.00000000e+00   1.21850818e-16   0.00000000e+00]
		Ux: [  6.12323400e-17  -7.46121071e-33   1.00000000e+00]
		Uy: [  1.21850818e-16   1.00000000e+00   0.00000000e+00]
		Tens: [(-1-1j), (-1.49228010392e-32+1.49224215769e-32j)]
		      [(-1.49228010392e-32+1.49224215769e-32j), (-0.999949098929-0.999999998705j)]
		Waist Pos: (0.49999999999971623, 0.5)m
		Waist Size: (0.00041152093421877245, 0.00041151046092387087)m
		Rayleigh: (0.5000254511833192, 0.5)m
		ROC: (-1.0000509036621639, -1.0)
	}
	Beam: Beam28 (ORIrrrrrrrrrrrrrrrrrrrrrrrrrrrr) {
		Power: 0.0523347633027W/Index: 1.0/Wavelength: 1064.0nm/Length: 0.999999999787m
		Order: 0
		Origin: [ -5.00000000e-01   1.21850818e-16   6.09254090e-17]
		Direction: [  1.00000000e+00  -1.21850818e-16   0.00000000e+00]
		Ux: [ -6.12323400e-17   7.46121071e-33   1.00000000e+00]
		Uy: [ -1.21850818e-16  -1.00000000e+00   0.00000000e+00]
		Tens: [(-1-1.00000000043j), (-1.49220414527e-32+1.49231811568e-32j)]
		      [(-1.49220414527e-32+1.49231811568e-32j), (-1.00005090107-0.99999999913j)]
		Waist Pos: (0.49999999978675991, 0.49999999978706544)m
		Waist Size: (0.00041151046092387087, 0.00041149998789551687)m
		Rayleigh: (0.5, 0.49997455011214031)m
		ROC: (-1.0, -0.99994910151965244)
	}
	Beam: Beam29 (ORIrrrrrrrrrrrrrrrrrrrrrrrrrrrrr) {
		Power: 0.0471012869725W/Index: 1.0/Wavelength: 1064.0nm/Length: 0.999999999787m
		Order: 0
		Origin: [  5.00000000e-01   2.59834758e-26   6.09254090e-17]
		Direction: [ -1.00000000e+00   1.21850818e-16   0.00000000e+00]
		Ux: [  6.12323400e-17  -7.46121071e-33   1.00000000e+00]
		Uy: [  1.21850818e-16   1.00000000e+00   0.00000000e+00]
		Tens: [(-1-1j), (-1.49228010265e-32+1.49224215896e-32j)]
		      [(-1.49228010265e-32+1.49224215896e-32j), (-0.999949098929-0.999999998705j)]
		Waist Pos: (0.49999999999969436, 0.5)m
		Waist Size: (0.00041152093421877245, 0.00041151046092387087)m
		Rayleigh: (0.5000254511833192, 0.5)m
		ROC: (-1.0000509036621639, -1.0)
	}
	Beam: Beam30 (ORIrrrrrrrrrrrrrrrrrrrrrrrrrrrrrr) {
		Power: 0.0423911582752W/Index: 1.0/Wavelength: 1064.0nm/Length: 0.999999999787m
		Order: 0
		Origin: [ -5.00000000e-01   1.21850818e-16   6.09254090e-17]
		Direction: [  1.00000000e+00  -1.21850818e-16   0.00000000e+00]
		Ux: [ -6.12323400e-17   7.46121071e-33   1.00000000e+00]
		Uy: [ -1.21850818e-16  -1.00000000e+00   0.00000000e+00]
		Tens: [(-1-1.00000000043j), (-1.49220414399e-32+1.49231811696e-32j)]
		      [(-1.49220414399e-32+1.49231811696e-32j), (-1.00005090107-0.99999999913j)]
		Waist Pos: (0.49999999978675991, 0.4999999997870872)m
		Waist Size: (0.00041151046092387087, 0.00041149998789551687)m
		Rayleigh: (0.5, 0.49997455011214031)m
		ROC: (-1.0, -0.99994910151965244)
	}
	Beam: Beam31 (ORIrrrrrrrrrrrrrrrrrrrrrrrrrrrrrrr) {
		Power: 0.0381520424477W/Index: 1.0/Wavelength: 1064.0nm/Length: 0.999999999787m
		Order: 0
		Origin: [  5.00000000e-01   2.59834758e-26   6.09254090e-17]
		Direction: [ -1.00000000e+00   1.21850818e-16   0.00000000e+00]
		Ux: [  6.12323400e-17  -7.46121071e-33   1.00000000e+00]
		Uy: [  1.21850818e-16   1.00000000e+00   0.00000000e+00]
		Tens: [(-1-1j), (-1.49228010138e-32+1.49224216023e-32j)]
		      [(-1.49228010138e-32+1.49224216023e-32j), (-0.999949098929-0.999999998705j)]
		Waist Pos: (0.49999999999967248, 0.5)m
		Waist Size: (0.00041152093421877245, 0.00041151046092387087)m
		Rayleigh: (0.5000254511833192, 0.5)m
		ROC: (-1.0000509036621639, -1.0)
	}
	Beam: Beam32 (ORIrrrrrrrrrrrrrrrrrrrrrrrrrrrrrrrr) {
		Power: 0.0343368382029W/Index: 1.0/Wavelength: 1064.0nm/Length: 0.999999999787m
		Order: 0
		Origin: [ -5.00000000e-01   1.21850818e-16   6.09254090e-17]
		Direction: [  1.00000000e+00  -1.21850818e-16   0.00000000e+00]
		Ux: [ -6.12323400e-17   7.46121071e-33   1.00000000e+00]
		Uy: [ -1.21850818e-16  -1.00000000e+00   0.00000000e+00]
		Tens: [(-1-1.00000000043j), (-1.49220414272e-32+1.49231811823e-32j)]
		      [(-1.49220414272e-32+1.49231811823e-32j), (-1.00005090107-0.99999999913j)]
		Waist Pos: (0.49999999978675991, 0.49999999978710918)m
		Waist Size: (0.00041151046092387087, 0.00041149998789551687)m
		Rayleigh: (0.5, 0.49997455011214031)m
		ROC: (-1.0, -0.99994910151965244)
	}
	Beam: Beam33 (ORIrrrrrrrrrrrrrrrrrrrrrrrrrrrrrrrrr) {
		Power: 0.0309031543826W/Index: 1.0/Wavelength: 1064.0nm/Length: 0.999999999787m
		Order: 0
		Origin: [  5.00000000e-01   2.59834758e-26   6.09254090e-17]
		Direction: [ -1.00000000e+00   1.21850818e-16   0.00000000e+00]
		Ux: [  6.12323400e-17  -7.46121071e-33   1.00000000e+00]
		Uy: [  1.21850818e-16   1.00000000e+00   0.00000000e+00]
		Tens: [(-1-1j), (-1.49228010011e-32+1.49224216151e-32j)]
		      [(-1.49228010011e-32+1.49224216151e-32j), (-0.999949098929-0.999999998705j)]
		Waist Pos: (0.49999999999965061, 0.5)m
		Waist Size: (0.00041152093421877245, 0.00041151046092387087)m
		Rayleigh: (0.5000254511833192, 0.5)m
		ROC: (-1.0000509036621639, -1.0)
	}
	Beam: Beam34 (ORIrrrrrrrrrrrrrrrrrrrrrrrrrrrrrrrrrr) {
		Power: 0.0278128389444W/Index: 1.0/Wavelength: 1064.0nm/Length: 0.999999999787m
		Order: 0
		Origin: [ -5.00000000e-01   1.21850818e-16   6.09254090e-17]
		Direction: [  1.00000000e+00  -1.21850818e-16   0.00000000e+00]
		Ux: [ -6.12323400e-17   7.46121071e-33   1.00000000e+00]
		Uy: [ -1.21850818e-16  -1.00000000e+00   0.00000000e+00]
		Tens: [(-1-1.00000000043j), (-1.49220414145e-32+1.4923181195e-32j)]
		      [(-1.49220414145e-32+1.4923181195e-32j), (-1.00005090107-0.99999999913j)]
		Waist Pos: (0.49999999978675991, 0.49999999978713094)m
		Waist Size: (0.00041151046092387087, 0.00041149998789551687)m
		Rayleigh: (0.5, 0.49997455011214031)m
		ROC: (-1.0, -0.99994910151965244)
	}
	Beam: Beam35 (ORIrrrrrrrrrrrrrrrrrrrrrrrrrrrrrrrrrrr) {
		Power: 0.0250315550499W/Index: 1.0/Wavelength: 1064.0nm/Length: 0.999999999787m
		Order: 0
		Origin: [  5.00000000e-01   2.59834758e-26   6.09254090e-17]
		Direction: [ -1.00000000e+00   1.21850818e-16   0.00000000e+00]
		Ux: [  6.12323400e-17  -7.46121071e-33   1.00000000e+00]
		Uy: [  1.21850818e-16   1.00000000e+00   0.00000000e+00]
		Tens: [(-1-1j), (-1.49228009883e-32+1.49224216278e-32j)]
		      [(-1.49228009883e-32+1.49224216278e-32j), (-0.999949098929-0.999999998705j)]
		Waist Pos: (0.49999999999962885, 0.5)m
		Waist Size: (0.00041152093421877245, 0.00041151046092387087)m
		Rayleigh: (0.5000254511833192, 0.5)m
		ROC: (-1.0000509036621639, -1.0)
	}
	Beam: Beam36 (ORIrrrrrrrrrrrrrrrrrrrrrrrrrrrrrrrrrrrr) {
		Power: 0.0225283995449W/Index: 1.0/Wavelength: 1064.0nm/Length: 0.999999999787m
		Order: 0
		Origin: [ -5.00000000e-01   1.21850818e-16   6.09254090e-17]
		Direction: [  1.00000000e+00  -1.21850818e-16   0.00000000e+00]
		Ux: [ -6.12323400e-17   7.46121071e-33   1.00000000e+00]
		Uy: [ -1.21850818e-16  -1.00000000e+00   0.00000000e+00]
		Tens: [(-1-1.00000000043j), (-1.49220414017e-32+1.49231812077e-32j)]
		      [(-1.49220414017e-32+1.49231812077e-32j), (-1.00005090107-0.99999999913j)]
		Waist Pos: (0.49999999978675991, 0.4999999997871527)m
		Waist Size: (0.00041151046092387087, 0.00041149998789551687)m
		Rayleigh: (0.5, 0.49997455011214031)m
		ROC: (-1.0, -0.99994910151965244)
	}
	Beam: Beam37 (ORIrrrrrrrrrrrrrrrrrrrrrrrrrrrrrrrrrrrrr) {
		Power: 0.0202755595904W/Index: 1.0/Wavelength: 1064.0nm/Length: 0.999999999787m
		Order: 0
		Origin: [  5.00000000e-01   2.59834758e-26   6.09254090e-17]
		Direction: [ -1.00000000e+00   1.21850818e-16   0.00000000e+00]
		Ux: [  6.12323400e-17  -7.46121071e-33   1.00000000e+00]
		Uy: [  1.21850818e-16   1.00000000e+00   0.00000000e+00]
		Tens: [(-1-1j), (-1.49228009756e-32+1.49224216405e-32j)]
		      [(-1.49228009756e-32+1.49224216405e-32j), (-0.999949098929-0.999999998705j)]
		Waist Pos: (0.49999999999960709, 0.5)m
		Waist Size: (0.00041152093421877245, 0.00041151046092387087)m
		Rayleigh: (0.5000254511833192, 0.5)m
		ROC: (-1.0000509036621639, -1.0)
	}
	Beam: Beam38 (ORIrrrrrrrrrrrrrrrrrrrrrrrrrrrrrrrrrrrrrr) {
		Power: 0.0182480036314W/Index: 1.0/Wavelength: 1064.0nm/Length: 0.999999999787m
		Order: 0
		Origin: [ -5.00000000e-01   1.21850818e-16   6.09254090e-17]
		Direction: [  1.00000000e+00  -1.21850818e-16   0.00000000e+00]
		Ux: [ -6.12323400e-17   7.46121071e-33   1.00000000e+00]
		Uy: [ -1.21850818e-16  -1.00000000e+00   0.00000000e+00]
		Tens: [(-1-1.00000000043j), (-1.4922041389e-32+1.49231812205e-32j)]
		      [(-1.4922041389e-32+1.49231812205e-32j), (-1.00005090107-0.99999999913j)]
		Waist Pos: (0.49999999978675991, 0.49999999978717447)m
		Waist Size: (0.00041151046092387087, 0.00041149998789551687)m
		Rayleigh: (0.5, 0.49997455011214031)m
		ROC: (-1.0, -0.99994910151965244)
	}
	Beam: Beam39 (ORIrrrrrrrrrrrrrrrrrrrrrrrrrrrrrrrrrrrrrrr) {
		Power: 0.0164232032683W/Index: 1.0/Wavelength: 1064.0nm/Length: 0.999999999787m
		Order: 0
		Origin: [  5.00000000e-01   2.59834758e-26   6.09254090e-17]
		Direction: [ -1.00000000e+00   1.21850818e-16   0.00000000e+00]
		Ux: [  6.12323400e-17  -7.46121071e-33   1.00000000e+00]
		Uy: [  1.21850818e-16   1.00000000e+00   0.00000000e+00]
		Tens: [(-1-1j), (-1.49228009629e-32+1.49224216533e-32j)]
		      [(-1.49228009629e-32+1.49224216533e-32j), (-0.999949098929-0.999999998705j)]
		Waist Pos: (0.49999999999958533, 0.5)m
		Waist Size: (0.00041152093421877245, 0.00041151046092387087)m
		Rayleigh: (0.5000254511833192, 0.5)m
		ROC: (-1.0000509036621639, -1.0)
	}
	Beam: Beam40 (ORIrrrrrrrrrrrrrrrrrrrrrrrrrrrrrrrrrrrrrrrr) {
		Power: 0.0147808829414W/Index: 1.0/Wavelength: 1064.0nm/Length: 0.999999999787m
		Order: 0
		Origin: [ -5.00000000e-01   1.21850818e-16   6.09254090e-17]
		Direction: [  1.00000000e+00  -1.21850818e-16   0.00000000e+00]
		Ux: [ -6.12323400e-17   7.46121071e-33   1.00000000e+00]
		Uy: [ -1.21850818e-16  -1.00000000e+00   0.00000000e+00]
		Tens: [(-1-1.00000000043j), (-1.49220413763e-32+1.49231812332e-32j)]
		      [(-1.49220413763e-32+1.49231812332e-32j), (-1.00005090107-0.99999999913j)]
		Waist Pos: (0.49999999978675991, 0.49999999978719623)m
		Waist Size: (0.00041151046092387087, 0.00041149998789551687)m
		Rayleigh: (0.5, 0.49997455011214031)m
		ROC: (-1.0, -0.99994910151965244)
	}
	Beam: Beam41 (ORIrrrrrrrrrrrrrrrrrrrrrrrrrrrrrrrrrrrrrrrrr) {
		Power: 0.0133027946473W/Index: 1.0/Wavelength: 1064.0nm/Length: 0.999999999787m
		Order: 0
		Origin: [  5.00000000e-01   2.59834758e-26   6.09254090e-17]
		Direction: [ -1.00000000e+00   1.21850818e-16   0.00000000e+00]
		Ux: [  6.12323400e-17  -7.46121071e-33   1.00000000e+00]
		Uy: [  1.21850818e-16   1.00000000e+00   0.00000000e+00]
		Tens: [(-1-1j), (-1.49228009501e-32+1.4922421666e-32j)]
		      [(-1.49228009501e-32+1.4922421666e-32j), (-0.999949098929-0.999999998705j)]
		Waist Pos: (0.49999999999956357, 0.5)m
		Waist Size: (0.00041152093421877245, 0.00041151046092387087)m
		Rayleigh: (0.5000254511833192, 0.5)m
		ROC: (-1.0000509036621639, -1.0)
	}
	Beam: Beam42 (ORIrrrrrrrrrrrrrrrrrrrrrrrrrrrrrrrrrrrrrrrrrr) {
		Power: 0.0119725151826W/Index: 1.0/Wavelength: 1064.0nm/Length: 0.999999999787m
		Order: 0
		Origin: [ -5.00000000e-01   1.21850818e-16   6.09254090e-17]
		Direction: [  1.00000000e+00  -1.21850818e-16   0.00000000e+00]
		Ux: [ -6.12323400e-17   7.46121071e-33   1.00000000e+00]
		Uy: [ -1.21850818e-16  -1.00000000e+00   0.00000000e+00]
		Tens: [(-1-1.00000000043j), (-1.49220413635e-32+1.49231812459e-32j)]
		      [(-1.49220413635e-32+1.49231812459e-32j), (-1.00005090107-0.99999999913j)]
		Waist Pos: (0.49999999978675991, 0.49999999978721799)m
		Waist Size: (0.00041151046092387087, 0.00041149998789551687)m
		Rayleigh: (0.5, 0.49997455011214031)m
		ROC: (-1.0, -0.99994910151965244)
	}
	Beam: Beam43 (ORIrrrrrrrrrrrrrrrrrrrrrrrrrrrrrrrrrrrrrrrrrrr) {
		Power: 0.0107752636643W/Index: 1.0/Wavelength: 1064.0nm/Length: 0.999999999787m
		Order: 0
		Origin: [  5.00000000e-01   2.59834758e-26   6.09254090e-17]
		Direction: [ -1.00000000e+00   1.21850818e-16   0.00000000e+00]
		Ux: [  6.12323400e-17  -7.46121071e-33   1.00000000e+00]
		Uy: [  1.21850818e-16   1.00000000e+00   0.00000000e+00]
		Tens: [(-1-1j), (-1.49228009374e-32+1.49224216787e-32j)]
		      [(-1.49228009374e-32+1.49224216787e-32j), (-0.999949098929-0.999999998705j)]
		Waist Pos: (0.49999999999954176, 0.5)m
		Waist Size: (0.00041152093421877245, 0.00041151046092387087)m
		Rayleigh: (0.5000254511833192, 0.5)m
		ROC: (-1.0000509036621639, -1.0)
	}
	Beam: Beam44 (ORIrrrrrrrrrrrrrrrrrrrrrrrrrrrrrrrrrrrrrrrrrrrr) {
		Power: 0.00969773729788W/Index: 1.0/Wavelength: 1064.0nm/Length: 0.999999999787m
		Order: 0
		Origin: [ -5.00000000e-01   1.21850818e-16   6.09254090e-17]
		Direction: [  1.00000000e+00  -1.21850818e-16   0.00000000e+00]
		Ux: [ -6.12323400e-17   7.46121071e-33   1.00000000e+00]
		Uy: [ -1.21850818e-16  -1.00000000e+00   0.00000000e+00]
		Tens: [(-1-1.00000000043j), (-1.49220413508e-32+1.49231812587e-32j)]
		      [(-1.49220413508e-32+1.49231812587e-32j), (-1.00005090107-0.99999999913j)]
		Waist Pos: (0.49999999978675991, 0.49999999978723975)m
		Waist Size: (0.00041151046092387087, 0.00041149998789551687)m
		Rayleigh: (0.5, 0.49997455011214031)m
		ROC: (-1.0, -0.99994910151965244)
	}
	Beam: Beam45 (ORIrrrrrrrrrrrrrrrrrrrrrrrrrrrrrrrrrrrrrrrrrrrrr) {
		Power: 0.00872796356809W/Index: 1.0/Wavelength: 1064.0nm/Length: 0.999999999787m
		Order: 0
		Origin: [  5.00000000e-01   2.59834758e-26   6.09254090e-17]
		Direction: [ -1.00000000e+00   1.21850818e-16   0.00000000e+00]
		Ux: [  6.12323400e-17  -7.46121071e-33   1.00000000e+00]
		Uy: [  1.21850818e-16   1.00000000e+00   0.00000000e+00]
		Tens: [(-1-1j), (-1.49228009247e-32+1.49224216915e-32j)]
		      [(-1.49228009247e-32+1.49224216915e-32j), (-0.999949098929-0.999999998706j)]
		Waist Pos: (0.49999999999952005, 0.5)m
		Waist Size: (0.00041152093421877245, 0.00041151046092387087)m
		Rayleigh: (0.5000254511833192, 0.5)m
		ROC: (-1.0000509036621639, -1.0)
	}
	Beam: Beam46 (ORIrrrrrrrrrrrrrrrrrrrrrrrrrrrrrrrrrrrrrrrrrrrrrr) {
		Power: 0.00785516721128W/Index: 1.0/Wavelength: 1064.0nm/Length: 0.999999999787m
		Order: 0
		Origin: [ -5.00000000e-01   1.21850818e-16   6.09254090e-17]
		Direction: [  1.00000000e+00  -1.21850818e-16   0.00000000e+00]
		Ux: [ -6.12323400e-17   7.46121071e-33   1.00000000e+00]
		Uy: [ -1.21850818e-16  -1.00000000e+00   0.00000000e+00]
		Tens: [(-1-1.00000000043j), (-1.49220413381e-32+1.49231812714e-32j)]
		      [(-1.49220413381e-32+1.49231812714e-32j), (-1.00005090107-0.99999999913j)]
		Waist Pos: (0.49999999978675991, 0.49999999978726151)m
		Waist Size: (0.00041151046092387087, 0.00041149998789551692)m
		Rayleigh: (0.5, 0.49997455011214043)m
		ROC: (-1.0, -0.99994910151965266)
	}
	Beam: Beam47 (ORIrrrrrrrrrrrrrrrrrrrrrrrrrrrrrrrrrrrrrrrrrrrrrrr) {
		Power: 0.00706965049015W/Index: 1.0/Wavelength: 1064.0nm/Length: 0.999999999787m
		Order: 0
		Origin: [  5.00000000e-01   2.59834758e-26   6.09254090e-17]
		Direction: [ -1.00000000e+00   1.21850818e-16   0.00000000e+00]
		Ux: [  6.12323400e-17  -7.46121071e-33   1.00000000e+00]
		Uy: [  1.21850818e-16   1.00000000e+00   0.00000000e+00]
		Tens: [(-1-1j), (-1.4922800912e-32+1.49224217042e-32j)]
		      [(-1.4922800912e-32+1.49224217042e-32j), (-0.999949098929-0.999999998706j)]
		Waist Pos: (0.49999999999949851, 0.5)m
		Waist Size: (0.00041152093421877245, 0.00041151046092387087)m
		Rayleigh: (0.5000254511833192, 0.5)m
		ROC: (-1.0000509036621639, -1.0)
	}
	Beam: Beam48 (ORIrrrrrrrrrrrrrrrrrrrrrrrrrrrrrrrrrrrrrrrrrrrrrrrr) {
		Power: 0.00636268544114W/Index: 1.0/Wavelength: 1064.0nm/Length: 0.999999999787m
		Order: 0
		Origin: [ -5.00000000e-01   1.21850818e-16   6.09254090e-17]
		Direction: [  1.00000000e+00  -1.21850818e-16   0.00000000e+00]
		Ux: [ -6.12323400e-17   7.46121071e-33   1.00000000e+00]
		Uy: [ -1.21850818e-16  -1.00000000e+00   0.00000000e+00]
		Tens: [(-1-1.00000000043j), (-1.49220413254e-32+1.49231812841e-32j)]
		      [(-1.49220413254e-32+1.49231812841e-32j), (-1.00005090107-0.99999999913j)]
		Waist Pos: (0.49999999978675991, 0.49999999978728304)m
		Waist Size: (0.00041151046092387087, 0.00041149998789551687)m
		Rayleigh: (0.5, 0.49997455011214031)m
		ROC: (-1.0, -0.99994910151965244)
	}
	Beam: Beam49 (ORIrrrrrrrrrrrrrrrrrrrrrrrrrrrrrrrrrrrrrrrrrrrrrrrrr) {
		Power: 0.00572641689702W/Index: 1.0/Wavelength: 1064.0nm/Length: 0.999999999787m
		Order: 0
		Origin: [  5.00000000e-01   2.59834758e-26   6.09254090e-17]
		Direction: [ -1.00000000e+00   1.21850818e-16   0.00000000e+00]
		Ux: [  6.12323400e-17  -7.46121071e-33   1.00000000e+00]
		Uy: [  1.21850818e-16   1.00000000e+00   0.00000000e+00]
		Tens: [(-1-1j), (-1.49228008992e-32+1.49224217169e-32j)]
		      [(-1.49228008992e-32+1.49224217169e-32j), (-0.999949098929-0.999999998706j)]
		Waist Pos: (0.49999999999947675, 0.5)m
		Waist Size: (0.00041152093421877245, 0.00041151046092387087)m
		Rayleigh: (0.5000254511833192, 0.5)m
		ROC: (-1.0000509036621639, -1.0)
	}
	Beam: Beam50 (ORIrrrrrrrrrrrrrrrrrrrrrrrrrrrrrrrrrrrrrrrrrrrrrrrrrr) {
		Power: 0.00515377520732W/Index: 1.0/Wavelength: 1064.0nm/Length: 0.999999999787m
		Order: 0
		Origin: [ -5.00000000e-01   1.21850818e-16   6.09254090e-17]
		Direction: [  1.00000000e+00  -1.21850818e-16   0.00000000e+00]
		Ux: [ -6.12323400e-17   7.46121071e-33   1.00000000e+00]
		Uy: [ -1.21850818e-16  -1.00000000e+00   0.00000000e+00]
		Tens: [(-1-1.00000000043j), (-1.49220413126e-32+1.49231812968e-32j)]
		      [(-1.49220413126e-32+1.49231812968e-32j), (-1.00005090107-0.99999999913j)]
		Waist Pos: (0.49999999978675991, 0.49999999978730481)m
		Waist Size: (0.00041151046092387087, 0.00041149998789551692)m
		Rayleigh: (0.5, 0.49997455011214043)m
		ROC: (-1.0, -0.99994910151965266)
	}
	Beam: Beam51 (ORIrrrrrrrrrrrrrrrrrrrrrrrrrrrrrrrrrrrrrrrrrrrrrrrrrrr) {
		Power: 0.00463839768659W/Index: 1.0/Wavelength: 1064.0nm/Length: 0.999999999787m
		Order: 0
		Origin: [  5.00000000e-01   2.59834758e-26   6.09254090e-17]
		Direction: [ -1.00000000e+00   1.21850818e-16   0.00000000e+00]
		Ux: [  6.12323400e-17  -7.46121071e-33   1.00000000e+00]
		Uy: [  1.21850818e-16   1.00000000e+00   0.00000000e+00]
		Tens: [(-1-1j), (-1.49228008865e-32+1.49224217296e-32j)]
		      [(-1.49228008865e-32+1.49224217296e-32j), (-0.999949098929-0.999999998706j)]
		Waist Pos: (0.49999999999945521, 0.5)m
		Waist Size: (0.00041152093421877245, 0.00041151046092387087)m
		Rayleigh: (0.5000254511833192, 0.5)m
		ROC: (-1.0000509036621639, -1.0)
	}
	Beam: Beam52 (ORIrrrrrrrrrrrrrrrrrrrrrrrrrrrrrrrrrrrrrrrrrrrrrrrrrrrr) {
		Power: 0.00417455791793W/Index: 1.0/Wavelength: 1064.0nm/Length: 0.999999999787m
		Order: 0
		Origin: [ -5.00000000e-01   1.21850818e-16   6.09254090e-17]
		Direction: [  1.00000000e+00  -1.21850818e-16   0.00000000e+00]
		Ux: [ -6.12323400e-17   7.46121071e-33   1.00000000e+00]
		Uy: [ -1.21850818e-16  -1.00000000e+00   0.00000000e+00]
		Tens: [(-1-1.00000000043j), (-1.49220412999e-32+1.49231813096e-32j)]
		      [(-1.49220412999e-32+1.49231813096e-32j), (-1.00005090107-0.99999999913j)]
		Waist Pos: (0.49999999978675991, 0.49999999978732634)m
		Waist Size: (0.00041151046092387087, 0.00041149998789551687)m
		Rayleigh: (0.5, 0.49997455011214031)m
		ROC: (-1.0, -0.99994910151965244)
	}
	Beam: Beam53 (ORIrrrrrrrrrrrrrrrrrrrrrrrrrrrrrrrrrrrrrrrrrrrrrrrrrrrrr) {
		Power: 0.00375710212614W/Index: 1.0/Wavelength: 1064.0nm/Length: 0.999999999787m
		Order: 0
		Origin: [  5.00000000e-01   2.59834758e-26   6.09254090e-17]
		Direction: [ -1.00000000e+00   1.21850818e-16   0.00000000e+00]
		Ux: [  6.12323400e-17  -7.46121071e-33   1.00000000e+00]
		Uy: [  1.21850818e-16   1.00000000e+00   0.00000000e+00]
		Tens: [(-1-1j), (-1.49228008738e-32+1.49224217424e-32j)]
		      [(-1.49228008738e-32+1.49224217424e-32j), (-0.999949098929-0.999999998706j)]
		Waist Pos: (0.49999999999943345, 0.5)m
		Waist Size: (0.00041152093421877245, 0.00041151046092387087)m
		Rayleigh: (0.5000254511833192, 0.5)m
		ROC: (-1.0000509036621639, -1.0)
	}
	Beam: Beam54 (ORIrrrrrrrrrrrrrrrrrrrrrrrrrrrrrrrrrrrrrrrrrrrrrrrrrrrrrr) {
		Power: 0.00338139191352W/Index: 1.0/Wavelength: 1064.0nm/Length: 0.999999999787m
		Order: 0
		Origin: [ -5.00000000e-01   1.21850818e-16   6.09254090e-17]
		Direction: [  1.00000000e+00  -1.21850818e-16   0.00000000e+00]
		Ux: [ -6.12323400e-17   7.46121071e-33   1.00000000e+00]
		Uy: [ -1.21850818e-16  -1.00000000e+00   0.00000000e+00]
		Tens: [(-1-1.00000000043j), (-1.49220412872e-32+1.49231813223e-32j)]
		      [(-1.49220412872e-32+1.49231813223e-32j), (-1.00005090107-0.99999999913j)]
		Waist Pos: (0.49999999978675991, 0.4999999997873481)m
		Waist Size: (0.00041151046092387087, 0.00041149998789551692)m
		Rayleigh: (0.5, 0.49997455011214043)m
		ROC: (-1.0, -0.99994910151965266)
	}
	Beam: Beam55 (ORIrrrrrrrrrrrrrrrrrrrrrrrrrrrrrrrrrrrrrrrrrrrrrrrrrrrrrrr) {
		Power: 0.00304325272217W/Index: 1.0/Wavelength: 1064.0nm/Length: 0.999999999787m
		Order: 0
		Origin: [  5.00000000e-01   2.59834758e-26   6.09254090e-17]
		Direction: [ -1.00000000e+00   1.21850818e-16   0.00000000e+00]
		Ux: [  6.12323400e-17  -7.46121071e-33   1.00000000e+00]
		Uy: [  1.21850818e-16   1.00000000e+00   0.00000000e+00]
		Tens: [(-1-1j), (-1.4922800861e-32+1.49224217551e-32j)]
		      [(-1.4922800861e-32+1.49224217551e-32j), (-0.999949098929-0.999999998706j)]
		Waist Pos: (0.49999999999941191, 0.5)m
		Waist Size: (0.00041152093421877245, 0.00041151046092387087)m
		Rayleigh: (0.5000254511833192, 0.5)m
		ROC: (-1.0000509036621639, -1.0)
	}
	Beam: Beam56 (ORIrrrrrrrrrrrrrrrrrrrrrrrrrrrrrrrrrrrrrrrrrrrrrrrrrrrrrrrr) {
		Power: 0.00273892744995W/Index: 1.0/Wavelength: 1064.0nm/Length: 0.999999999787m
		Order: 0
		Origin: [ -5.00000000e-01   1.21850818e-16   6.09254090e-17]
		Direction: [  1.00000000e+00  -1.21850818e-16   0.00000000e+00]
		Ux: [ -6.12323400e-17   7.46121071e-33   1.00000000e+00]
		Uy: [ -1.21850818e-16  -1.00000000e+00   0.00000000e+00]
		Tens: [(-1-1.00000000043j), (-1.49220412744e-32+1.4923181335e-32j)]
		      [(-1.49220412744e-32+1.4923181335e-32j), (-1.00005090107-0.99999999913j)]
		Waist Pos: (0.49999999978675991, 0.49999999978736964)m
		Waist Size: (0.00041151046092387087, 0.00041149998789551687)m
		Rayleigh: (0.5, 0.49997455011214031)m
		ROC: (-1.0, -0.99994910151965244)
	}
	Beam: Beam57 (ORIrrrrrrrrrrrrrrrrrrrrrrrrrrrrrrrrrrrrrrrrrrrrrrrrrrrrrrrrr) {
		Power: 0.00246503470496W/Index: 1.0/Wavelength: 1064.0nm/Length: 0.999999999787m
		Order: 0
		Origin: [  5.00000000e-01   2.59834758e-26   6.09254090e-17]
		Direction: [ -1.00000000e+00   1.21850818e-16   0.00000000e+00]
		Ux: [  6.12323400e-17  -7.46121071e-33   1.00000000e+00]
		Uy: [  1.21850818e-16   1.00000000e+00   0.00000000e+00]
		Tens: [(-1-1j), (-1.49228008483e-32+1.49224217678e-32j)]
		      [(-1.49228008483e-32+1.49224217678e-32j), (-0.999949098929-0.999999998706j)]
		Waist Pos: (0.49999999999939015, 0.5)m
		Waist Size: (0.00041152093421877245, 0.00041151046092387087)m
		Rayleigh: (0.5000254511833192, 0.5)m
		ROC: (-1.0000509036621639, -1.0)
	}
	Beam: Beam58 (ORIrrrrrrrrrrrrrrrrrrrrrrrrrrrrrrrrrrrrrrrrrrrrrrrrrrrrrrrrrr) {
		Power: 0.00221853123446W/Index: 1.0/Wavelength: 1064.0nm/Length: 0.999999999787m
		Order: 0
		Origin: [ -5.00000000e-01   1.21850818e-16   6.09254090e-17]
		Direction: [  1.00000000e+00  -1.21850818e-16   0.00000000e+00]
		Ux: [ -6.12323400e-17   7.46121071e-33   1.00000000e+00]
		Uy: [ -1.21850818e-16  -1.00000000e+00   0.00000000e+00]
		Tens: [(-1-1.00000000043j), (-1.49220412617e-32+1.49231813478e-32j)]
		      [(-1.49220412617e-32+1.49231813478e-32j), (-1.00005090107-0.99999999913j)]
		Waist Pos: (0.49999999978675991, 0.4999999997873914)m
		Waist Size: (0.00041151046092387087, 0.00041149998789551692)m
		Rayleigh: (0.5, 0.49997455011214043)m
		ROC: (-1.0, -0.99994910151965266)
	}
	Beam: Beam59 (ORIrrrrrrrrrrrrrrrrrrrrrrrrrrrrrrrrrrrrrrrrrrrrrrrrrrrrrrrrrrr) {
		Power: 0.00199667811102W/Index: 1.0/Wavelength: 1064.0nm/Length: 0.999999999787m
		Order: 0
		Origin: [  5.00000000e-01   2.59834758e-26   6.09254090e-17]
		Direction: [ -1.00000000e+00   1.21850818e-16   0.00000000e+00]
		Ux: [  6.12323400e-17  -7.46121071e-33   1.00000000e+00]
		Uy: [  1.21850818e-16   1.00000000e+00   0.00000000e+00]
		Tens: [(-1-1j), (-1.49228008356e-32+1.49224217806e-32j)]
		      [(-1.49228008356e-32+1.49224217806e-32j), (-0.999949098929-0.999999998706j)]
		Waist Pos: (0.49999999999936862, 0.5)m
		Waist Size: (0.00041152093421877245, 0.00041151046092387087)m
		Rayleigh: (0.5000254511833192, 0.5)m
		ROC: (-1.0000509036621639, -1.0)
	}
	Beam: Beam60 (ORIrrrrrrrrrrrrrrrrrrrrrrrrrrrrrrrrrrrrrrrrrrrrrrrrrrrrrrrrrrrr) {
		Power: 0.00179701029991W/Index: 1.0/Wavelength: 1064.0nm/Length: 0.999999999787m
		Order: 0
		Origin: [ -5.00000000e-01   1.21850818e-16   6.09254090e-17]
		Direction: [  1.00000000e+00  -1.21850818e-16   0.00000000e+00]
		Ux: [ -6.12323400e-17   7.46121071e-33   1.00000000e+00]
		Uy: [ -1.21850818e-16  -1.00000000e+00   0.00000000e+00]
		Tens: [(-1-1.00000000043j), (-1.4922041249e-32+1.49231813605e-32j)]
		      [(-1.4922041249e-32+1.49231813605e-32j), (-1.00005090107-0.99999999913j)]
		Waist Pos: (0.49999999978675991, 0.49999999978741294)m
		Waist Size: (0.00041151046092387087, 0.00041149998789551687)m
		Rayleigh: (0.5, 0.49997455011214031)m
		ROC: (-1.0, -0.99994910151965244)
	}
	Beam: Beam61 (ORIrrrrrrrrrrrrrrrrrrrrrrrrrrrrrrrrrrrrrrrrrrrrrrrrrrrrrrrrrrrrr) {
		Power: 0.00161730926992W/Index: 1.0/Wavelength: 1064.0nm/Length: 0.999999999787m
		Order: 0
		Origin: [  5.00000000e-01   2.59834758e-26   6.09254090e-17]
		Direction: [ -1.00000000e+00   1.21850818e-16   0.00000000e+00]
		Ux: [  6.12323400e-17  -7.46121071e-33   1.00000000e+00]
		Uy: [  1.21850818e-16   1.00000000e+00   0.00000000e+00]
		Tens: [(-1-1j), (-1.49228008229e-32+1.49224217933e-32j)]
		      [(-1.49228008229e-32+1.49224217933e-32j), (-0.999949098929-0.999999998706j)]
		Waist Pos: (0.49999999999934686, 0.5)m
		Waist Size: (0.00041152093421877245, 0.00041151046092387087)m
		Rayleigh: (0.5000254511833192, 0.5)m
		ROC: (-1.0000509036621639, -1.0)
	}
	Beam: Beam62 (ORIrrrrrrrrrrrrrrrrrrrrrrrrrrrrrrrrrrrrrrrrrrrrrrrrrrrrrrrrrrrrrr) {
		Power: 0.00145557834293W/Index: 1.0/Wavelength: 1064.0nm/Length: 0.999999999787m
		Order: 0
		Origin: [ -5.00000000e-01   1.21850818e-16   6.09254090e-17]
		Direction: [  1.00000000e+00  -1.21850818e-16   0.00000000e+00]
		Ux: [ -6.12323400e-17   7.46121071e-33   1.00000000e+00]
		Uy: [ -1.21850818e-16  -1.00000000e+00   0.00000000e+00]
		Tens: [(-1-1.00000000043j), (-1.49220412363e-32+1.49231813732e-32j)]
		      [(-1.49220412363e-32+1.49231813732e-32j), (-1.00005090107-0.99999999913j)]
		Waist Pos: (0.49999999978675991, 0.4999999997874347)m
		Waist Size: (0.00041151046092387087, 0.00041149998789551692)m
		Rayleigh: (0.5, 0.49997455011214043)m
		ROC: (-1.0, -0.99994910151965266)
	}
	Beam: Beam63 (ORIrrrrrrrrrrrrrrrrrrrrrrrrrrrrrrrrrrrrrrrrrrrrrrrrrrrrrrrrrrrrrrr) {
		Power: 0.00131002050864W/Index: 1.0/Wavelength: 1064.0nm/Length: 0.999999999787m
		Order: 0
		Origin: [  5.00000000e-01   2.59834758e-26   6.09254090e-17]
		Direction: [ -1.00000000e+00   1.21850818e-16   0.00000000e+00]
		Ux: [  6.12323400e-17  -7.46121071e-33   1.00000000e+00]
		Uy: [  1.21850818e-16   1.00000000e+00   0.00000000e+00]
		Tens: [(-1-1j), (-1.49228008101e-32+1.4922421806e-32j)]
		      [(-1.49228008101e-32+1.4922421806e-32j), (-0.999949098929-0.999999998706j)]
		Waist Pos: (0.49999999999932532, 0.5)m
		Waist Size: (0.00041152093421877245, 0.00041151046092387087)m
		Rayleigh: (0.5000254511833192, 0.5)m
		ROC: (-1.0000509036621639, -1.0)
	}
	Beam: Beam64 (ORIrrrrrrrrrrrrrrrrrrrrrrrrrrrrrrrrrrrrrrrrrrrrrrrrrrrrrrrrrrrrrrrr) {
		Power: 0.00117901845777W/Index: 1.0/Wavelength: 1064.0nm/Length: 0.999999999787m
		Order: 0
		Origin: [ -5.00000000e-01   1.21850818e-16   6.09254090e-17]
		Direction: [  1.00000000e+00  -1.21850818e-16   0.00000000e+00]
		Ux: [ -6.12323400e-17   7.46121071e-33   1.00000000e+00]
		Uy: [ -1.21850818e-16  -1.00000000e+00   0.00000000e+00]
		Tens: [(-1-1.00000000043j), (-1.49220412235e-32+1.49231813859e-32j)]
		      [(-1.49220412235e-32+1.49231813859e-32j), (-1.00005090107-0.99999999913j)]
		Waist Pos: (0.49999999978675991, 0.49999999978745624)m
		Waist Size: (0.00041151046092387087, 0.00041149998789551687)m
		Rayleigh: (0.5, 0.49997455011214031)m
		ROC: (-1.0, -0.99994910151965244)
	}
	Beam: Beam65 (ORIrrrrrrrrrrrrrrrrrrrrrrrrrrrrrrrrrrrrrrrrrrrrrrrrrrrrrrrrrrrrrrrrr) {
		Power: 0.001061116612W/Index: 1.0/Wavelength: 1064.0nm/Length: 0.999999999787m
		Order: 0
		Origin: [  5.00000000e-01   2.59834758e-26   6.09254090e-17]
		Direction: [ -1.00000000e+00   1.21850818e-16   0.00000000e+00]
		Ux: [  6.12323400e-17  -7.46121071e-33   1.00000000e+00]
		Uy: [  1.21850818e-16   1.00000000e+00   0.00000000e+00]
		Tens: [(-1-1j), (-1.49228007974e-32+1.49224218187e-32j)]
		      [(-1.49228007974e-32+1.49224218187e-32j), (-0.999949098929-0.999999998706j)]
		Waist Pos: (0.49999999999930356, 0.5)m
		Waist Size: (0.00041152093421877245, 0.00041151046092387087)m
		Rayleigh: (0.5000254511833192, 0.5)m
		ROC: (-1.0000509036621639, -1.0)
	}
	Beam: Beam66 (ORIrrrrrrrrrrrrrrrrrrrrrrrrrrrrrrrrrrrrrrrrrrrrrrrrrrrrrrrrrrrrrrrrrr) {
		Power: 0.000955004950797W/Index: 1.0/Wavelength: 1064.0nm/Length: 0.999999999787m
		Order: 0
		Origin: [ -5.00000000e-01   1.21850818e-16   6.09254090e-17]
		Direction: [  1.00000000e+00  -1.21850818e-16   0.00000000e+00]
		Ux: [ -6.12323400e-17   7.46121071e-33   1.00000000e+00]
		Uy: [ -1.21850818e-16  -1.00000000e+00   0.00000000e+00]
		Tens: [(-1-1.00000000043j), (-1.49220412108e-32+1.49231813987e-32j)]
		      [(-1.49220412108e-32+1.49231813987e-32j), (-1.00005090107-0.99999999913j)]
		Waist Pos: (0.49999999978675991, 0.499999999787478)m
		Waist Size: (0.00041151046092387087, 0.00041149998789551692)m
		Rayleigh: (0.5, 0.49997455011214043)m
		ROC: (-1.0, -0.99994910151965266)
	}
	Beam: Beam67 (ORIrrrrrrrrrrrrrrrrrrrrrrrrrrrrrrrrrrrrrrrrrrrrrrrrrrrrrrrrrrrrrrrrrrr) {
		Power: 0.000859504455717W/Index: 1.0/Wavelength: 1064.0nm/Length: 0.999999999787m
		Order: 0
		Origin: [  5.00000000e-01   2.59834758e-26   6.09254090e-17]
		Direction: [ -1.00000000e+00   1.21850818e-16   0.00000000e+00]
		Ux: [  6.12323400e-17  -7.46121071e-33   1.00000000e+00]
		Uy: [  1.21850818e-16   1.00000000e+00   0.00000000e+00]
		Tens: [(-1-1j), (-1.49228007847e-32+1.49224218315e-32j)]
		      [(-1.49228007847e-32+1.49224218315e-32j), (-0.999949098929-0.999999998706j)]
		Waist Pos: (0.49999999999928202, 0.5)m
		Waist Size: (0.00041152093421877245, 0.00041151046092387087)m
		Rayleigh: (0.5000254511833192, 0.5)m
		ROC: (-1.0000509036621639, -1.0)
	}
	Beam: Beam68 (ORIrrrrrrrrrrrrrrrrrrrrrrrrrrrrrrrrrrrrrrrrrrrrrrrrrrrrrrrrrrrrrrrrrrrr) {
		Power: 0.000773554010145W/Index: 1.0/Wavelength: 1064.0nm/Length: 0.999999999787m
		Order: 0
		Origin: [ -5.00000000e-01   1.21850818e-16   6.09254090e-17]
		Direction: [  1.00000000e+00  -1.21850818e-16   0.00000000e+00]
		Ux: [ -6.12323400e-17   7.46121071e-33   1.00000000e+00]
		Uy: [ -1.21850818e-16  -1.00000000e+00   0.00000000e+00]
		Tens: [(-1-1.00000000043j), (-1.49220411981e-32+1.49231814114e-32j)]
		      [(-1.49220411981e-32+1.49231814114e-32j), (-1.00005090107-0.99999999913j)]
		Waist Pos: (0.49999999978675991, 0.49999999978749954)m
		Waist Size: (0.00041151046092387087, 0.00041149998789551687)m
		Rayleigh: (0.5, 0.49997455011214031)m
		ROC: (-1.0, -0.99994910151965244)
	}
	Beam: Beam69 (ORIrrrrrrrrrrrrrrrrrrrrrrrrrrrrrrrrrrrrrrrrrrrrrrrrrrrrrrrrrrrrrrrrrrrrr) {
		Power: 0.000696198609131W/Index: 1.0/Wavelength: 1064.0nm/Length: 0.999999999787m
		Order: 0
		Origin: [  5.00000000e-01   2.59834758e-26   6.09254090e-17]
		Direction: [ -1.00000000e+00   1.21850818e-16   0.00000000e+00]
		Ux: [  6.12323400e-17  -7.46121071e-33   1.00000000e+00]
		Uy: [  1.21850818e-16   1.00000000e+00   0.00000000e+00]
		Tens: [(-1-1j), (-1.49228007719e-32+1.49224218442e-32j)]
		      [(-1.49228007719e-32+1.49224218442e-32j), (-0.999949098929-0.999999998706j)]
		Waist Pos: (0.49999999999926026, 0.5)m
		Waist Size: (0.00041152093421877245, 0.00041151046092387087)m
		Rayleigh: (0.5000254511833192, 0.5)m
		ROC: (-1.0000509036621639, -1.0)
	}
	Beam: Beam70 (ORIrrrrrrrrrrrrrrrrrrrrrrrrrrrrrrrrrrrrrrrrrrrrrrrrrrrrrrrrrrrrrrrrrrrrrr) {
		Power: 0.000626578748218W/Index: 1.0/Wavelength: 1064.0nm/Length: 0.999999999787m
		Order: 0
		Origin: [ -5.00000000e-01   1.21850818e-16   6.09254090e-17]
		Direction: [  1.00000000e+00  -1.21850818e-16   0.00000000e+00]
		Ux: [ -6.12323400e-17   7.46121071e-33   1.00000000e+00]
		Uy: [ -1.21850818e-16  -1.00000000e+00   0.00000000e+00]
		Tens: [(-1-1.00000000043j), (-1.49220411853e-32+1.49231814241e-32j)]
		      [(-1.49220411853e-32+1.49231814241e-32j), (-1.00005090107-0.99999999913j)]
		Waist Pos: (0.49999999978675991, 0.4999999997875213)m
		Waist Size: (0.00041151046092387087, 0.00041149998789551692)m
		Rayleigh: (0.5, 0.49997455011214043)m
		ROC: (-1.0, -0.99994910151965266)
	}
	Beam: Beam71 (ORIrrrrrrrrrrrrrrrrrrrrrrrrrrrrrrrrrrrrrrrrrrrrrrrrrrrrrrrrrrrrrrrrrrrrrrr) {
		Power: 0.000563920873396W/Index: 1.0/Wavelength: 1064.0nm/Length: 0.999999999787m
		Order: 0
		Origin: [  5.00000000e-01   2.59834758e-26   6.09254090e-17]
		Direction: [ -1.00000000e+00   1.21850818e-16   0.00000000e+00]
		Ux: [  6.12323400e-17  -7.46121071e-33   1.00000000e+00]
		Uy: [  1.21850818e-16   1.00000000e+00   0.00000000e+00]
		Tens: [(-1-1j), (-1.49228007592e-32+1.49224218569e-32j)]
		      [(-1.49228007592e-32+1.49224218569e-32j), (-0.999949098929-0.999999998706j)]
		Waist Pos: (0.49999999999923872, 0.5)m
		Waist Size: (0.00041152093421877245, 0.00041151046092387087)m
		Rayleigh: (0.5000254511833192, 0.5)m
		ROC: (-1.0000509036621639, -1.0)
	}
	Beam: Beam72 (ORIrrrrrrrrrrrrrrrrrrrrrrrrrrrrrrrrrrrrrrrrrrrrrrrrrrrrrrrrrrrrrrrrrrrrrrrr) {
		Power: 0.000507528786056W/Index: 1.0/Wavelength: 1064.0nm/Length: 0.999999999787m
		Order: 0
		Origin: [ -5.00000000e-01   1.21850818e-16   6.09254090e-17]
		Direction: [  1.00000000e+00  -1.21850818e-16   0.00000000e+00]
		Ux: [ -6.12323400e-17   7.46121071e-33   1.00000000e+00]
		Uy: [ -1.21850818e-16  -1.00000000e+00   0.00000000e+00]
		Tens: [(-1-1.00000000043j), (-1.49220411726e-32+1.49231814368e-32j)]
		      [(-1.49220411726e-32+1.49231814368e-32j), (-1.00005090107-0.999999999129j)]
		Waist Pos: (0.49999999978675991, 0.49999999978754284)m
		Waist Size: (0.00041151046092387087, 0.00041149998789551687)m
		Rayleigh: (0.5, 0.49997455011214031)m
		ROC: (-1.0, -0.99994910151965244)
	}
}
