########theia output file for simulation:########
			CharacterizationofSFP


##########META DATA##########
Generated at: Fri May 19 16:21:49 2017
Input file: pecheur.tia
Simulation Order: 3
Simulation Threshold: 5.0mW
Number of Components: 7
Number of Optics: 4

##########SIMULATION DATA##########
Simulation: CharacterizationofSFP (pecheur.*) {
	InBeams: {
		Beam: Laser (LAS) {
			Power: 1.0W/Index: 1.0/Wavelength: 1064.0nm/Length: 0.562248312745m
			Order: 0
			Origin: [-0.105  0.     0.   ]
			Direction: [  1.00000000e+00   0.00000000e+00   6.12323400e-17]
			Ux: [ -6.12323400e-17   0.00000000e+00   1.00000000e+00]
			Uy: [ 0. -1.  0.]
			Tens: [-11.7191j, 0j]
			      [0j, -11.7191j]
			Waist Pos: (0.0, 0.0)m
			Waist Size: (0.00017000000114331516, 0.00017000000114331516)m
			Rayleigh: (0.085330854238691148, 0.085330854238691148)m
			ROC: inf
		}
	}
	BeamTrees: {
		Tree: {
			Root beam: Laser
			Number of beams: 56
		}
	}
}

##########BEAM LISTING##########
Tree: Root beam = Laser {
	Beam: Laser (LAS) {
		Power: 1.0W/Index: 1.0/Wavelength: 1064.0nm/Length: 0.562248312745m
		Order: 0
		Origin: [-0.105  0.     0.   ]
		Direction: [  1.00000000e+00   0.00000000e+00   6.12323400e-17]
		Ux: [ -6.12323400e-17   0.00000000e+00   1.00000000e+00]
		Uy: [ 0. -1.  0.]
		Tens: [-11.7191j, 0j]
		      [0j, -11.7191j]
		Waist Pos: (0.0, 0.0)m
		Waist Size: (0.00017000000114331516, 0.00017000000114331516)m
		Rayleigh: (0.085330854238691148, 0.085330854238691148)m
		ROC: inf
	}
	Beam: Beam1 (LASr) {
		Power: 0.9W/Index: 1.0/Wavelength: 1064.0nm/Length: 0.0m
		Order: 0
		Origin: [  4.57248313e-01   0.00000000e+00   3.44277798e-17]
		Direction: [ -1.00000000e+00   1.25543875e-16  -2.51811815e-16]
		Ux: [ -1.60812265e-16   2.01889949e-32   1.00000000e+00]
		Uy: [  1.25543875e-16   1.00000000e+00   2.73691106e-48]
		Tens: [(19.1385296626-0.263851804223j), (2.17344887504e-32-3.29858281636e-33j)]
		      [(2.17344887504e-32-3.29858281636e-33j), (19.1385296626-0.263851804223j)]
		Waist Pos: (-0.052240688724551627, -0.052240688724551627)m
		Waist Size: (1.5618023569762453e-05, 1.5618023569762453e-05)m
		Rayleigh: (0.0007202120652340209, 0.0007202120652340209)m
		ROC: (0.05225061787042571, 0.05225061787042571)
	}
	Beam: Beam2 (LASt) {
		Power: 0.1W/Index: 1.4585/Wavelength: 1064.0nm/Length: 0.00550337450992m
		Order: 1
		Origin: [  4.57248313e-01   0.00000000e+00   3.44277798e-17]
		Direction: [  1.00000000e+00   0.00000000e+00   6.12323400e-17]
		Ux: [ -6.12323400e-17   0.00000000e+00   1.00000000e+00]
		Uy: [ 0. -1.  0.]
		Tens: [(-1.54296903493-0.180906276464j), (-3.41916046473e-32-2.34565569346e-49j)]
		      [(-3.41916046473e-32-4.69131138693e-49j), (-1.54296903493-0.180906276464j)]
		Waist Pos: (0.63931281807832741, 0.63931281807832741)m
		Waist Size: (0.00013193122017227831, 0.00013193122017227831)m
		Rayleigh: (0.074956592644489117, 0.074956592644489117)m
		ROC: (-0.64810114614245129, -0.64810114614245129)
	}
	Beam: Beam3 (LAStr) {
		Power: 0.01W/Index: 1.4585/Wavelength: 1064.0nm/Length: 0.00550337450992m
		Order: 2
		Origin: [  4.62751687e-01   0.00000000e+00   3.47647643e-17]
		Direction: [ -1.00000000e+00   1.25543875e-16   3.80434885e-16]
		Ux: [  2.83276945e-16  -3.55636853e-32   1.00000000e+00]
		Uy: [  1.25543875e-16   1.00000000e+00   0.00000000e+00]
		Tens: [(15.8440013533-0.184018016619j), (1.02078203917e-31+8.02881494095e-33j)]
		      [(1.02078203917e-31+8.02881494095e-33j), (15.8440013533-0.184018016619j)]
		Waist Pos: (-0.063106856811241688, -0.063106856811241688)m
		Waist Size: (1.3046039017250934e-05, 1.3046039017250934e-05)m
		Rayleigh: (0.00073294607634381294, 0.00073294607634381294)m
		ROC: (0.063115369514582853, 0.063115369514582853)
	}
	Beam: Beam50 (LAStrr) {
		Power: 0.009W/Index: 1.4585/Wavelength: 1064.0nm/Length: 0.00550337450992m
		Order: 2
		Origin: [  4.57248313e-01   6.90914961e-19   3.68584400e-17]
		Direction: [  1.00000000e+00  -1.19230641e-16   2.74021966e-16]
		Ux: [ -2.83276945e-16   3.37752918e-32   1.00000000e+00]
		Uy: [ -1.19230641e-16  -1.00000000e+00   0.00000000e+00]
		Tens: [(31.9734225433-0.155684256798j), (-3.42221076019e-32-7.51032379034e-33j)]
		      [(-3.42221076019e-32-7.51032379034e-33j), (31.9734225433-0.155684256798j)]
		Waist Pos: (-0.031275234620978309, -0.031275234620978309)m
		Waist Size: (5.9466274934547352e-06, 5.9466274934547352e-06)m
		Rayleigh: (0.00015228465615679948, 0.00015228465615679948)m
		ROC: (0.03127597612193847, 0.03127597612193847)
	}
	Beam: Beam51 (LAStrrt) {
		Power: 0.0081W/Index: 1.0/Wavelength: 1064.0nm/Length: 0.395289485477m
		Order: 2
		Origin: [  4.62751687e-01   3.47440897e-20   3.83664855e-17]
		Direction: [  1.00000000e+00  -1.19230641e-16   2.74021966e-16]
		Ux: [ -2.83276945e-16   3.37752918e-32   1.00000000e+00]
		Uy: [ -1.19230641e-16  -1.00000000e+00   0.00000000e+00]
		Tens: [(43.6444734094-0.164196740709j), (-5.69398037105e-32-7.97355799452e-33j)]
		      [(-5.69398037105e-32-7.97355799452e-33j), (43.6444734094-0.164196740709j)]
		Waist Pos: (-0.022912084128076007, -0.022912084128076007)m
		Waist Size: (5.403134921111871e-06, 5.403134921111871e-06)m
		Rayleigh: (8.6198531974490612e-05, 8.6198531974490612e-05)m
		ROC: (0.022912408419261086, 0.022912408419261086)
	}
	Beam: Beam52 (LAStrrtr) {
		Power: 0.00729W/Index: 1.0/Wavelength: 1064.0nm/Length: 0.395289485477m
		Order: 2
		Origin: [  8.58041173e-01  -4.70958747e-17   1.46684488e-16]
		Direction: [ -1.00000000e+00   4.24744209e-16  -8.74708260e-16]
		Ux: [ -8.26946080e-16   3.51240559e-31   1.00000000e+00]
		Uy: [  4.24744209e-16   1.00000000e+00   0.00000000e+00]
		Tens: [(14.8511913063-0.000492865630483j), (3.97343544606e-31-5.67151598535e-35j)]
		      [(3.97343544606e-31-5.67151598535e-35j), (14.8511913063-0.000492865630483j)]
		Waist Pos: (-0.067334665500882865, -0.067334665500882865)m
		Waist Size: (8.6995913330755938e-07, 8.6995913330755938e-07)m
		Rayleigh: (2.2346316656367894e-06, 2.2346316656367894e-06)m
		ROC: (0.067334665575043459, 0.067334665575043459)
	}
	Beam: Beam53 (LAStrrtrt) {
		Power: 0.006561W/Index: 1.4585/Wavelength: 1064.0nm/Length: 0.00550337450992m
		Order: 2
		Origin: [  4.62751687e-01   1.20801045e-16  -1.99078490e-16]
		Direction: [ -1.00000000e+00   4.24744209e-16  -8.74708260e-16]
		Ux: [ -8.26946080e-16   3.51240559e-31   1.00000000e+00]
		Uy: [  4.24744209e-16   1.00000000e+00   0.00000000e+00]
		Tens: [(-1.25290920888-7.15884423535e-06j), (2.22979919723e-30-4.96470234449e-37j)]
		      [(2.22979919723e-30-4.96470234449e-37j), (-1.25290920888-7.15884423535e-06j)]
		Waist Pos: (0.79814242953979375, 0.79814242953979375)m
		Waist Size: (1.0290690485871901e-06, 1.0290690485871901e-06)m
		Rayleigh: (4.5604081207221848e-06, 4.5604081207221848e-06)m
		ROC: (-0.79814242956585091, -0.79814242956585091)
	}
	Beam: Beam54 (LAStrrtrtr) {
		Power: 0.0059049W/Index: 1.4585/Wavelength: 1064.0nm/Length: 0.00550337450992m
		Order: 2
		Origin: [  4.57248313e-01   1.23138572e-16  -2.03892338e-16]
		Direction: [  1.00000000e+00   9.99634518e-16  -1.92583767e-15]
		Ux: [  1.93716910e-15   1.93646110e-30   1.00000000e+00]
		Uy: [  9.99634518e-16  -1.00000000e+00   0.00000000e+00]
		Tens: [(16.1383917136-7.25859852357e-06j), (2.70626697292e-30+2.89021731755e-35j)]
		      [(2.70626697292e-30+2.89021731755e-35j), (16.1383917136-7.25859852357e-06j)]
		Waist Pos: (-0.061964043118274977, -0.061964043118274977)m
		Waist Size: (8.0446804245453773e-08, 8.0446804245453773e-08)m
		Rayleigh: (2.78696985347377e-08, 2.78696985347377e-08)m
		ROC: (0.061964043118287515, 0.061964043118287515)
	}
	Beam: Beam55 (LAStrrtrtrt) {
		Power: 0.00531441W/Index: 1.0/Wavelength: 1064.0nm/Length: 0.395289485477m
		Order: 2
		Origin: [  4.62751687e-01   1.28639935e-16  -2.14490943e-16]
		Direction: [  1.00000000e+00   9.99634518e-16  -1.92583767e-15]
		Ux: [  1.93716910e-15   1.93646110e-30   1.00000000e+00]
		Uy: [  9.99634518e-16  -1.00000000e+00   0.00000000e+00]
		Tens: [(25.6067923789-8.92998088933e-06j), (3.88845301946e-29+3.58015584949e-35j)]
		      [(3.88845301946e-29+3.58015584949e-35j), (25.6067923789-8.92998088933e-06j)]
		Waist Pos: (-0.039052138401476609, -0.039052138401476609)m
		Waist Size: (6.7915040210107604e-08, 6.7915040210107604e-08)m
		Rayleigh: (1.3618841612494889e-08, 1.3618841612494889e-08)m
		ROC: (0.039052138401481355, 0.039052138401481355)
	}
	Beam: Beam4 (LAStt) {
		Power: 0.09W/Index: 1.0/Wavelength: 1064.0nm/Length: 0.395289485477m
		Order: 1
		Origin: [  4.62751687e-01   0.00000000e+00   3.47647643e-17]
		Direction: [  1.00000000e+00   0.00000000e+00   6.12323400e-17]
		Ux: [ -6.12323400e-17   0.00000000e+00   1.00000000e+00]
		Uy: [ 0. -1.  0.]
		Tens: [(1.71952597372-0.268390277239j), (-2.2325233087e-31-1.01870505721e-34j)]
		      [(-2.2325233087e-31-1.01870505721e-34j), (1.71952597372-0.268390277239j)]
		Waist Pos: (-0.56772461657563855, -0.56772461657563855)m
		Waist Size: (0.00017323823875930588, 0.00017323823875930588)m
		Rayleigh: (0.088612658120254525, 0.088612658120254525)m
		ROC: (0.58155562363413016, 0.58155562363413016)
	}
	Beam: Beam5 (LASttr) {
		Power: 0.081W/Index: 1.0/Wavelength: 1064.0nm/Length: 0.395289485477m
		Order: 1
		Origin: [  8.58041173e-01   0.00000000e+00   5.89692645e-17]
		Direction: [ -1.00000000e+00   1.23996566e-16  -3.14571161e-16]
		Ux: [ -3.82856870e-16   4.74729370e-32   1.00000000e+00]
		Uy: [  1.23996566e-16   1.00000000e+00   0.00000000e+00]
		Tens: [(13.4896880906-0.0947477285582j), (1.19246497499e-31+6.17333427901e-33j)]
		      [(1.19246497499e-31+6.17333427901e-33j), (13.4896880906-0.0947477285582j)]
		Waist Pos: (-0.074127041570148863, -0.074127041570148863)m
		Waist Size: (1.3279070023716918e-05, 1.3279070023716918e-05)m
		Rayleigh: (0.00052064723560433601, 0.00052064723560433601)m
		ROC: (0.074130698448100565, 0.074130698448100565)
	}
	Beam: Beam10 (LASttrr) {
		Power: 0.0081W/Index: 1.0/Wavelength: 1064.0nm/Length: 0.395289485477m
		Order: 2
		Origin: [  4.62751687e-01   4.90145386e-17  -6.53774078e-17]
		Direction: [  1.00000000e+00  -5.73414100e-16   5.34613964e-16]
		Ux: [ -5.05321550e-16   2.89758502e-31   1.00000000e+00]
		Uy: [ -5.73414100e-16  -1.00000000e+00   0.00000000e+00]
		Tens: [(19.5303015812-0.00236279629147j), (-1.20218769702e-31-5.90706608487e-35j)]
		      [(-1.20218769702e-31-5.90706608487e-35j), (19.5303015812-0.00236279629147j)]
		Waist Pos: (-0.05120248559425248, -0.05120248559425248)m
		Waist Size: (1.4484385171385103e-06, 1.4484385171385103e-06)m
		Rayleigh: (6.1945302059619769e-06, 6.1945302059619769e-06)m
		ROC: (0.051202486343673213, 0.051202486343673213)
	}
	Beam: Beam46 (LASttrrr) {
		Power: 0.00729W/Index: 1.0/Wavelength: 1064.0nm/Length: 0.395289485477m
		Order: 2
		Origin: [  8.58041173e-01  -1.77650026e-16   1.45949871e-16]
		Direction: [ -1.00000000e+00   1.25844469e-15  -8.70017101e-16]
		Ux: [ -8.26946080e-16   1.04066590e-30   1.00000000e+00]
		Uy: [  1.25844469e-15   1.00000000e+00   0.00000000e+00]
		Tens: [(14.6996819307-3.10728484952e-05j), (4.95033620261e-31-5.73055150983e-36j)]
		      [(4.95033620261e-31-5.73055150983e-36j), (14.6996819307-3.10728484952e-05j)]
		Waist Pos: (-0.068028682845679991, -0.068028682845679991)m
		Waist Size: (2.2068787543539158e-07, 2.2068787543539158e-07)m
		Rayleigh: (1.4380208805610601e-07, 1.4380208805610601e-07)m
		ROC: (0.06802868284598397, 0.06802868284598397)
	}
	Beam: Beam47 (LASttrrrt) {
		Power: 0.006561W/Index: 1.4585/Wavelength: 1064.0nm/Length: 0.00550337450992m
		Order: 2
		Origin: [  4.62751687e-01   3.19799927e-16  -1.97958741e-16]
		Direction: [ -1.00000000e+00   1.25844469e-15  -8.70017101e-16]
		Ux: [ -8.26946080e-16   1.04066590e-30   1.00000000e+00]
		Uy: [  1.25844469e-15   1.00000000e+00   0.00000000e+00]
		Tens: [(-1.25512922564-4.59303862124e-07j), (4.95299618161e-30-5.83130043931e-38j)]
		      [(4.95299618161e-30-5.83130043931e-38j), (-1.25512922564-4.59303862124e-07j)]
		Waist Pos: (0.79673071073132962, 0.79673071073132962)m
		Waist Size: (2.6019818768089315e-07, 2.6019818768089315e-07)m
		Rayleigh: (2.9155682541493298e-07, 2.9155682541493298e-07)m
		ROC: (-0.79673071073143631, -0.79673071073143631)
	}
	Beam: Beam48 (LASttrrrtr) {
		Power: 0.0059049W/Index: 1.4585/Wavelength: 1064.0nm/Length: 0.00550337450992m
		Order: 2
		Origin: [  4.57248313e-01   3.26725620e-16  -2.02746771e-16]
		Direction: [  1.00000000e+00   2.85991067e-15  -1.91537006e-15]
		Ux: [  1.93716910e-15   5.54013058e-30   1.00000000e+00]
		Uy: [  2.85991067e-15  -1.00000000e+00  -7.00649232e-46]
		Tens: [(16.1361407345-4.65715450353e-07j), (9.36514232033e-30+5.33508368984e-36j)]
		      [(9.36514232033e-30+5.33508368984e-36j), (16.1361407345-4.65715450353e-07j)]
		Waist Pos: (-0.061972687054092569, -0.061972687054092569)m
		Waist Size: (2.0379959234215054e-08, 2.0379959234215054e-08)m
		Rayleigh: (1.7886332510286757e-09, 1.7886332510286757e-09)m
		ROC: (0.061972687054092625, 0.061972687054092625)
	}
	Beam: Beam49 (LASttrrrtrt) {
		Power: 0.00531441W/Index: 1.0/Wavelength: 1064.0nm/Length: 0.395289485477m
		Order: 2
		Origin: [  4.62751687e-01   3.42464779e-16  -2.13287770e-16]
		Direction: [  1.00000000e+00   2.85991067e-15  -1.91537006e-15]
		Ux: [  1.93716910e-15   5.54013058e-30   1.00000000e+00]
		Uy: [  2.85991067e-15  -1.00000000e+00  -7.00649232e-46]
		Tens: [(25.6040230525-5.72965248548e-07j), (1.060221248e-28+6.6179463341e-36j)]
		      [(1.060221248e-28+6.6179463341e-36j), (25.6040230525-5.72965248548e-07j)]
		Waist Pos: (-0.039056362273622192, -0.039056362273622192)m
		Waist Size: (1.7204886386456689e-08, 1.7204886386456689e-08)m
		Rayleigh: (8.7400086586507831e-10, 8.7400086586507831e-10)m
		ROC: (0.039056362273622212, 0.039056362273622212)
	}
	Beam: Beam11 (LASttrt) {
		Power: 0.0729W/Index: 1.4585/Wavelength: 1064.0nm/Length: 0.00550337450992m
		Order: 1
		Origin: [  4.62751687e-01   4.90145386e-17  -6.53774078e-17]
		Direction: [ -1.00000000e+00   1.23996566e-16  -3.14571161e-16]
		Ux: [ -3.82856870e-16   4.74729370e-32   1.00000000e+00]
		Uy: [  1.23996566e-16   1.00000000e+00   0.00000000e+00]
		Tens: [(-1.27435613218-0.00162001802638j), (1.52564033057e-31+1.29663154118e-34j)]
		      [(1.52564033057e-31+1.29663154118e-34j), (-1.27435613218-0.00162001802638j)]
		Waist Pos: (0.78470873148286868, 0.78470873148286868)m
		Waist Size: (1.5219886733161632e-05, 1.5219886733161632e-05)m
		Rayleigh: (0.00099755653726482738, 0.00099755653726482738)m
		ROC: (-0.78470999962097532, -0.78470999962097532)
	}
	Beam: Beam12 (LASttrtr) {
		Power: 0.06561W/Index: 1.4585/Wavelength: 1064.0nm/Length: 0.00550337450992m
		Order: 1
		Origin: [  4.57248313e-01   4.96969382e-17  -6.71086107e-17]
		Direction: [  1.00000000e+00   3.28561774e-16  -6.75976701e-16]
		Ux: [  6.04901475e-16   1.98747502e-31   1.00000000e+00]
		Uy: [  3.28561774e-16  -1.00000000e+00   4.37905770e-47]
		Tens: [(16.11664337-0.00164298253917j), (4.1895717171e-31+6.00163594943e-34j)]
		      [(4.1895717171e-31+6.00163594943e-34j), (16.11664337-0.00164298253917j)]
		Waist Pos: (-0.062047658848823357, -0.062047658848823357)m
		Waist Size: (1.2119495359038627e-06, 1.2119495359038627e-06)m
		Rayleigh: (6.3253382075289166e-06, 6.3253382075289166e-06)m
		ROC: (0.06204765949364871, 0.06204765949364871)
	}
	Beam: Beam14 (LASttrtrr) {
		Power: 0.006561W/Index: 1.4585/Wavelength: 1064.0nm/Length: 0.00550337450992m
		Order: 2
		Origin: [  4.62751687e-01   5.15051366e-17  -7.08287636e-17]
		Direction: [ -1.00000000e+00   5.96171933e-16  -5.84425714e-16]
		Ux: [ -6.04901475e-16   3.60625282e-31   1.00000000e+00]
		Uy: [  5.96171933e-16   1.00000000e+00   0.00000000e+00]
		Tens: [(32.2036224098-0.00138618039995j), (1.62080137959e-29-2.06301115486e-33j)]
		      [(1.62080137959e-29-2.06301115486e-33j), (32.2036224098-0.00138618039995j)]
		Waist Pos: (-0.031052407254784566, -0.031052407254784566)m
		Waist Size: (5.5711879685316719e-07, 5.5711879685316719e-07)m
		Rayleigh: (1.336627220384296e-06, 1.336627220384296e-06)m
		ROC: (0.031052407312318661, 0.031052407312318661)
	}
	Beam: Beam44 (LASttrtrrr) {
		Power: 0.0059049W/Index: 1.4585/Wavelength: 1064.0nm/Length: 0.00550337450992m
		Order: 2
		Origin: [  4.57248313e-01   5.47860941e-17  -7.40450772e-17]
		Direction: [  1.00000000e+00   3.75063924e-16  -7.39358647e-16]
		Ux: [  8.26946080e-16   3.10157641e-31   1.00000000e+00]
		Uy: [  3.75063924e-16  -1.00000000e+00   0.00000000e+00]
		Tens: [(44.7554537857-0.00100022602146j), (-4.97373960423e-29+2.72800818998e-33j)]
		      [(-4.97373960423e-29+2.72800818998e-33j), (44.7554537857-0.00100022602146j)]
		Waist Pos: (-0.022343645632320334, -0.022343645632320334)m
		Waist Size: (3.4052246637491508e-07, 3.4052246637491508e-07)m
		Rayleigh: (4.9935133900699154e-07, 4.9935133900699154e-07)m
		ROC: (0.022343645643480185, 0.022343645643480185)
	}
	Beam: Beam45 (LASttrtrrrt) {
		Power: 0.00531441W/Index: 1.0/Wavelength: 1064.0nm/Length: 0.395289485477m
		Order: 2
		Origin: [  4.62751687e-01   5.68502113e-17  -7.81140447e-17]
		Direction: [  1.00000000e+00   3.75063924e-16  -7.39358647e-16]
		Ux: [  8.26946080e-16   3.10157641e-31   1.00000000e+00]
		Uy: [  3.75063924e-16  -1.00000000e+00   0.00000000e+00]
		Tens: [(56.3643924021-0.00093919375075j), (-4.08762594026e-29+2.1490030626e-33j)]
		      [(-4.08762594026e-29+2.1490030626e-33j), (56.3643924021-0.00093919375075j)]
		Waist Pos: (-0.017741697499153244, -0.017741697499153244)m
		Waist Size: (3.1642343799963302e-07, 3.1642343799963302e-07)m
		Rayleigh: (2.9562797909739697e-07, 2.9562797909739697e-07)m
		ROC: (0.017741697504079262, 0.017741697504079262)
	}
	Beam: Beam15 (LASttrtrt) {
		Power: 0.059049W/Index: 1.0/Wavelength: 1064.0nm/Length: 0.395289485477m
		Order: 1
		Origin: [  4.62751687e-01   5.15051366e-17  -7.08287636e-17]
		Direction: [  1.00000000e+00   3.28561774e-16  -6.75976701e-16]
		Ux: [  6.04901475e-16   1.98747502e-31   1.00000000e+00]
		Uy: [  3.28561774e-16  -1.00000000e+00   4.37905770e-47]
		Tens: [(25.5800332846-0.00202174411333j), (4.97816071064e-30+7.47084505672e-34j)]
		      [(4.97816071064e-30+7.47084505672e-34j), (25.5800332846-0.00202174411333j)]
		Waist Pos: (-0.039092990326714587, -0.039092990326714587)m
		Waist Size: (1.0229581450615874e-06, 1.0229581450615874e-06)m
		Rayleigh: (3.0897545044590954e-06, 3.0897545044590954e-06)m
		ROC: (0.039092990570916496, 0.039092990570916496)
	}
	Beam: Beam16 (LASttrtrtr) {
		Power: 0.0531441W/Index: 1.0/Wavelength: 1064.0nm/Length: 0.395289485477m
		Order: 1
		Origin: [  8.58041173e-01   1.81382151e-16  -3.38035246e-16]
		Direction: [ -1.00000000e+00  -1.03428439e-15   2.22064390e-15]
		Ux: [  2.28167839e-15   2.35990433e-30   1.00000000e+00]
		Uy: [ -1.03428439e-15   1.00000000e+00   0.00000000e+00]
		Tens: [(14.7621186527-1.63749273352e-05j), (2.68386752105e-30-3.1227932654e-35j)]
		      [(2.68386752105e-30-3.1227932654e-35j), (14.7621186527-1.63749273352e-05j)]
		Waist Pos: (-0.067740953959644176, -0.067740953959644176)m
		Waist Size: (1.5952798389800275e-07, 1.5952798389800275e-07)m
		Rayleigh: (7.5141869863100527e-08, 7.5141869863100527e-08)m
		ROC: (0.067740953959727526, 0.067740953959727526)
	}
	Beam: Beam21 (LASttrtrtrr) {
		Power: 0.00531441W/Index: 1.0/Wavelength: 1064.0nm/Length: 0.395289485477m
		Order: 2
		Origin: [  4.62751687e-01  -2.27459591e-16   5.39761940e-16]
		Direction: [  1.00000000e+00   1.95286758e-15  -4.99484532e-15]
		Ux: [  5.04579357e-15   9.85376667e-30   1.00000000e+00]
		Uy: [  1.95286758e-15  -1.00000000e+00   0.00000000e+00]
		Tens: [(19.5596852276-3.50479736318e-07j), (-5.54103541493e-30+1.44948208494e-36j)]
		      [(-5.54103541493e-30+1.44948208494e-36j), (19.5596852276-3.50479736318e-07j)]
		Waist Pos: (-0.051125567122456521, -0.051125567122456521)m
		Waist Size: (1.7614303410840409e-08, 1.7614303410840409e-08)m
		Rayleigh: (9.160922108735443e-10, 9.160922108735443e-10)m
		ROC: (0.051125567122456535, 0.051125567122456535)
	}
	Beam: Beam22 (LASttrtrtrt) {
		Power: 0.04782969W/Index: 1.4585/Wavelength: 1064.0nm/Length: 0.00550337450992m
		Order: 1
		Origin: [  4.62751687e-01  -2.27459591e-16   5.39761940e-16]
		Direction: [ -1.00000000e+00  -1.03428439e-15   2.22064390e-15]
		Ux: [  2.28167839e-15   2.35990433e-30   1.00000000e+00]
		Uy: [ -1.03428439e-15   1.00000000e+00   0.00000000e+00]
		Tens: [(-1.25420964851-2.40301499018e-07j), (6.98365872953e-30-3.83674727218e-37j)]
		      [(6.98365872953e-30-3.83674727218e-37j), (-1.25420964851-2.40301499018e-07j)]
		Waist Pos: (0.79731486772192639, 0.79731486772192639)m
		Waist Size: (1.883435549772112e-07, 1.883435549772112e-07)m
		Rayleigh: (1.5276230583149603e-07, 1.5276230583149603e-07)m
		ROC: (-0.7973148677219557, -0.7973148677219557)
	}
	Beam: Beam23 (LASttrtrtrtr) {
		Power: 0.043046721W/Index: 1.4585/Wavelength: 1064.0nm/Length: 0.00550337450992m
		Order: 1
		Origin: [  4.57248313e-01  -2.33151646e-16   5.51982975e-16]
		Direction: [  1.00000000e+00  -2.25596646e-15   4.98097112e-15]
		Ux: [ -4.94621365e-15   1.11584921e-29   1.00000000e+00]
		Uy: [ -2.25596646e-15  -1.00000000e+00   0.00000000e+00]
		Tens: [(16.1370731436-2.4365347098e-07j), (2.29533194273e-29+6.16463143584e-36j)]
		      [(2.29533194273e-29+6.16463143584e-36j), (16.1370731436-2.4365347098e-07j)]
		Waist Pos: (-0.061969106237699627, -0.061969106237699627)m
		Waist Size: (1.4740227778486595e-08, 1.4740227778486595e-08)m
		Rayleigh: (9.3567078081819236e-10, 9.3567078081819236e-10)m
		ROC: (0.061969106237699641, 0.061969106237699641)
	}
	Beam: Beam24 (LASttrtrtrtrt) {
		Power: 0.0387420489W/Index: 1.0/Wavelength: 1064.0nm/Length: 0.395289485477m
		Order: 1
		Origin: [  4.62751687e-01  -2.45567074e-16   5.79395124e-16]
		Direction: [  1.00000000e+00  -2.25596646e-15   4.98097112e-15]
		Ux: [ -4.94621365e-15   1.11584921e-29   1.00000000e+00]
		Uy: [ -2.25596646e-15  -1.00000000e+00   0.00000000e+00]
		Tens: [(25.605170181-2.9976170123e-07j), (2.08599086608e-28+7.65377054464e-36j)]
		      [(2.08599086608e-28+7.65377054464e-36j), (25.605170181-2.9976170123e-07j)]
		Waist Pos: (-0.039054612522799258, -0.039054612522799258)m
		Waist Size: (1.2443893437362687e-08, 1.2443893437362687e-08)m
		Rayleigh: (4.572153595522642e-10, 4.572153595522642e-10)m
		ROC: (0.039054612522799265, 0.039054612522799265)
	}
	Beam: Beam25 (LASttrtrtrtrtr) {
		Power: 0.03486784401W/Index: 1.0/Wavelength: 1064.0nm/Length: 0.395289485477m
		Order: 1
		Origin: [  8.58041173e-01  -1.13732689e-15   2.54832064e-15]
		Direction: [ -1.00000000e+00   7.38680643e-15  -1.62112195e-14]
		Ux: [ -1.61480238e-14   1.19282326e-28   1.00000000e+00]
		Uy: [  7.38680643e-15   1.00000000e+00   0.00000000e+00]
		Tens: [(14.7623220636-2.4235554597e-09j), (1.30638748159e-28-2.3711098658e-37j)]
		      [(1.30638748159e-28-2.3711098658e-37j), (14.7623220636-2.4235554597e-09j)]
		Waist Pos: (-0.067740020553315863, -0.067740020553315863)m
		Waist Size: (1.9407414561233365e-09, 1.9407414561233365e-09)m
		Rayleigh: (1.1120994105479886e-11, 1.1120994105479886e-11)m
		ROC: (0.067740020553315863, 0.067740020553315863)
	}
	Beam: Beam26 (LASttrtrtrtrtrt) {
		Power: 0.031381059609W/Index: 1.4585/Wavelength: 1064.0nm/Length: 0.00550337450992m
		Order: 1
		Origin: [  4.62751687e-01   1.78260002e-15  -3.85980398e-15]
		Direction: [ -1.00000000e+00   7.38680643e-15  -1.62112195e-14]
		Ux: [ -1.61480238e-14   1.19282326e-28   1.00000000e+00]
		Uy: [  7.38680643e-15   1.00000000e+00   0.00000000e+00]
		Tens: [(-1.2542066635-3.55647568177e-11j), (4.70919616665e-28-2.94214332739e-39j)]
		      [(4.70919616665e-28-2.94214332739e-39j), (-1.2542066635-3.55647568177e-11j)]
		Waist Pos: (0.79731676533152984, 0.79731676533152984)m
		Waist Size: (2.291308038959066e-09, 2.291308038959066e-09)m
		Rayleigh: (2.2609014679055134e-11, 2.2609014679055134e-11)m
		ROC: (-0.79731676533152984, -0.79731676533152984)
	}
	Beam: Beam27 (LASttrtrtrtrtrtr) {
		Power: 0.0282429536481W/Index: 1.4585/Wavelength: 1064.0nm/Length: 0.00550337450992m
		Order: 1
		Origin: [  4.57248313e-01   1.82325238e-15  -3.94902040e-15]
		Direction: [  1.00000000e+00   1.65344202e-14  -3.61469360e-14]
		Ux: [  3.61320383e-14   5.97422304e-28   1.00000000e+00]
		Uy: [  1.65344202e-14  -1.00000000e+00   8.96831017e-44]
		Tens: [(16.1370761702-3.60608493577e-11j), (1.10192813095e-27+4.789278431e-38j)]
		      [(1.10192813095e-27+4.789278431e-38j), (16.1370761702-3.60608493577e-11j)]
		Waist Pos: (-0.061969094614850444, -0.061969094614850444)m
		Waist Size: (1.7932291409051297e-10, 1.7932291409051297e-10)m
		Rayleigh: (1.3847974454383427e-13, 1.3847974454383427e-13)m
		ROC: (0.061969094614850444, 0.061969094614850444)
	}
	Beam: Beam28 (LASttrtrtrtrtrtrt) {
		Power: 0.0254186582833W/Index: 1.0/Wavelength: 1064.0nm/Length: 0.395289485477m
		Order: 1
		Origin: [  4.62751687e-01   1.91424749e-15  -4.14795052e-15]
		Direction: [  1.00000000e+00   1.65344202e-14  -3.61469360e-14]
		Ux: [  3.61320383e-14   5.97422304e-28   1.00000000e+00]
		Uy: [  1.65344202e-14  -1.00000000e+00   8.96831017e-44]
		Tens: [(25.6051739046-4.43648973151e-11j), (1.14420745021e-26+5.94156729626e-38j)]
		      [(1.14420745021e-26+5.94156729626e-38j), (25.6051739046-4.43648973151e-11j)]
		Waist Pos: (-0.039054606843295925, -0.039054606843295925)m
		Waist Size: (1.5138675787359771e-10, 1.5138675787359771e-10)m
		Rayleigh: (6.7668106013942647e-14, 6.7668106013942647e-14)m
		ROC: (0.039054606843295925, 0.039054606843295925)
	}
	Beam: Beam29 (LASttrtrtrtrtrtrtr) {
		Power: 0.022876792455W/Index: 1.0/Wavelength: 1064.0nm/Length: 0.395289485477m
		Order: 1
		Origin: [  8.58041173e-01   8.45012995e-15  -1.84364543e-14]
		Direction: [ -1.00000000e+00  -5.38373469e-14   1.17794607e-13]
		Ux: [  1.17744873e-13   6.33907157e-27   1.00000000e+00]
		Uy: [ -5.38373469e-14   1.00000000e+00   0.00000000e+00]
		Tens: [(14.7623220937-3.58687451417e-13j), (6.91667536295e-27-1.86410502091e-39j)]
		      [(6.91667536295e-27-1.86410502091e-39j), (14.7623220937-3.58687451417e-13j)]
		Waist Pos: (-0.067740020415171506, -0.067740020415171506)m
		Waist Size: (2.3610179694553804e-11, 2.3610179694553804e-11)m
		Rayleigh: (1.645912826415196e-15, 1.645912826415196e-15)m
		ROC: (0.067740020415171506, 0.067740020415171506)
	}
	Beam: Beam30 (LASttrtrtrtrtrtrtrt) {
		Power: 0.0205891132095W/Index: 1.4585/Wavelength: 1064.0nm/Length: 0.00550337450992m
		Order: 1
		Origin: [  4.62751687e-01  -1.28312072e-14   2.81265152e-14]
		Direction: [ -1.00000000e+00  -5.38373469e-14   1.17794607e-13]
		Ux: [  1.17744873e-13   6.33907157e-27   1.00000000e+00]
		Uy: [ -5.38373469e-14   1.00000000e+00   0.00000000e+00]
		Tens: [(-1.25420666306-5.26360223684e-15j), (2.42145550198e-26-2.31442555635e-41j)]
		      [(2.42145550198e-26-2.31442555635e-41j), (-1.25420666306-5.26360223684e-15j)]
		Waist Pos: (0.79731676561237785, 0.79731676561237785)m
		Waist Size: (2.7875013644865959e-11, 2.7875013644865959e-11)m
		Rayleigh: (3.3461457625402379e-15, 3.3461457625402379e-15)m
		ROC: (-0.79731676561237785, -0.79731676561237785)
	}
	Beam: Beam31 (LASttrtrtrtrtrtrtrtr) {
		Power: 0.0185302018885W/Index: 1.4585/Wavelength: 1064.0nm/Length: 0.00550337450992m
		Order: 1
		Origin: [  4.57248313e-01  -1.31274943e-14   2.87747830e-14]
		Direction: [  1.00000000e+00  -1.20077990e-13   2.62866736e-13]
		Ux: [ -2.62962045e-13   3.15759538e-26   1.00000000e+00]
		Uy: [ -1.20077990e-13  -1.00000000e+00   0.00000000e+00]
		Tens: [(16.1370761707-5.33702418699e-15j), (5.90668379599e-26+3.75403256892e-40j)]
		      [(5.90668379599e-26+3.75403256892e-40j), (16.1370761707-5.33702418699e-15j)]
		Waist Pos: (-0.061969094613130264, -0.061969094613130264)m
		Waist Size: (2.1815611826113611e-12, 2.1815611826113611e-12)m
		Rayleigh: (2.0495073165565218e-17, 2.0495073165565218e-17)m
		ROC: (0.061969094613130264, 0.061969094613130264)
	}
	Beam: Beam32 (LASttrtrtrtrtrtrtrtrt) {
		Power: 0.0166771816997W/Index: 1.0/Wavelength: 1064.0nm/Length: 0.395289485477m
		Order: 1
		Origin: [  4.62751687e-01  -1.37883284e-14   3.02214371e-14]
		Direction: [  1.00000000e+00  -1.20077990e-13   2.62866736e-13]
		Ux: [ -2.62962045e-13   3.15759538e-26   1.00000000e+00]
		Uy: [ -1.20077990e-13  -1.00000000e+00   0.00000000e+00]
		Tens: [(25.6051739052-6.56602754069e-15j), (6.01699617005e-25+4.65771269855e-40j)]
		      [(6.01699617005e-25+4.65771269855e-40j), (25.6051739052-6.56602754069e-15j)]
		Waist Pos: (-0.039054606842455361, -0.039054606842455361)m
		Waist Size: (1.8417025856106674e-12, 1.8417025856106674e-12)m
		Rayleigh: (1.0014914371126663e-17, 1.0014914371126663e-17)m
		ROC: (0.039054606842455361, 0.039054606842455361)
	}
	Beam: Beam33 (LASttrtrtrtrtrtrtrtrtr) {
		Power: 0.0150094635297W/Index: 1.0/Wavelength: 1064.0nm/Length: 0.395289485477m
		Order: 1
		Origin: [  8.58041173e-01  -6.12538954e-14   1.34129894e-13]
		Direction: [ -1.00000000e+00   3.91282773e-13  -8.56472673e-13]
		Ux: [ -8.56364809e-13   3.35080797e-25   1.00000000e+00]
		Uy: [  3.91282773e-13   1.00000000e+00  -4.59177481e-41]
		Tens: [(14.7623220937-5.30859266433e-17j), (3.65656434118e-25-1.45796558328e-41j)]
		      [(3.65656434118e-25-1.45796558328e-41j), (14.7623220937-5.30859266433e-17j)]
		Waist Pos: (-0.067740020415151064, -0.067740020415151064)m
		Waist Size: (2.8723073009179442e-13, 2.8723073009179442e-13)m
		Rayleigh: (2.4359594186875393e-19, 2.4359594186875393e-19)m
		ROC: (0.067740020415151064, 0.067740020415151064)
	}
	Beam: Beam34 (LASttrtrtrtrtrtrtrtrtrt) {
		Power: 0.0135085171767W/Index: 1.4585/Wavelength: 1064.0nm/Length: 0.00550337450992m
		Order: 1
		Origin: [  4.62751687e-01   9.34160704e-14  -2.04424748e-13]
		Direction: [ -1.00000000e+00   3.91282773e-13  -8.56472673e-13]
		Ux: [ -8.56364809e-13   3.35080797e-25   1.00000000e+00]
		Uy: [  3.91282773e-13   1.00000000e+00  -4.59177481e-41]
		Tens: [(-1.25420666306-7.79015828741e-19j), (1.28469154943e-24-1.81005013662e-43j)]
		      [(1.28469154943e-24-1.81005013662e-43j), (-1.25420666306-7.79015828741e-19j)]
		Waist Pos: (0.79731676561241949, 0.79731676561241949)m
		Waist Size: (3.3911476422948333e-13, 3.3911476422948333e-13)m
		Rayleigh: (4.9523128781467258e-19, 4.9523128781467258e-19)m
		ROC: (-0.79731676561241949, -0.79731676561241949)
	}
	Beam: Beam35 (LASttrtrtrtrtrtrtrtrtrtr) {
		Power: 0.0121576654591W/Index: 1.4585/Wavelength: 1064.0nm/Length: 0.00550337450992m
		Order: 1
		Origin: [  4.57248313e-01   9.55694461e-14  -2.09138238e-13]
		Direction: [  1.00000000e+00   8.73140032e-13  -1.91106290e-12]
		Ux: [  1.91107668e-12   1.66863756e-24   1.00000000e+00]
		Uy: [  8.73140032e-13  -1.00000000e+00   0.00000000e+00]
		Tens: [(16.1370761707-7.89882314994e-19j), (3.11663173465e-24+2.93625200597e-42j)]
		      [(3.11663173465e-24+2.93625200597e-42j), (16.1370761707-7.89882314994e-19j)]
		Waist Pos: (-0.061969094613130001, -0.061969094613130001)m
		Waist Size: (2.6539883191399238e-14, 2.6539883191399238e-14)m
		Rayleigh: (3.0332813325897653e-21, 3.0332813325897653e-21)m
		ROC: (0.061969094613130001, 0.061969094613130001)
	}
	Beam: Beam36 (LASttrtrtrtrtrtrtrtrtrtrt) {
		Power: 0.0109418989132W/Index: 1.0/Wavelength: 1064.0nm/Length: 0.395289485477m
		Order: 1
		Origin: [  4.62751687e-01   1.00374663e-13  -2.19655533e-13]
		Direction: [  1.00000000e+00   8.73140032e-13  -1.91106290e-12]
		Ux: [  1.91107668e-12   1.66863756e-24   1.00000000e+00]
		Uy: [  8.73140032e-13  -1.00000000e+00   0.00000000e+00]
		Tens: [(25.6051739052-9.71775441227e-19j), (3.18171150688e-23+3.64302524511e-42j)]
		      [(3.18171150688e-23+3.64302524511e-42j), (25.6051739052-9.71775441227e-19j)]
		Waist Pos: (-0.039054606842455236, -0.039054606842455236)m
		Waist Size: (2.2405317753635827e-14, 2.2405317753635827e-14)m
		Rayleigh: (1.4822124597468224e-21, 1.4822124597468224e-21)m
		ROC: (0.039054606842455236, 0.039054606842455236)
	}
	Beam: Beam37 (LASttrtrtrtrtrtrtrtrtrtrtr) {
		Power: 0.00984770902184W/Index: 1.0/Wavelength: 1064.0nm/Length: 0.395289485477m
		Order: 1
		Origin: [  8.58041173e-01   4.45517737e-13  -9.75078605e-13]
		Direction: [ -1.00000000e+00  -2.84488972e-12   6.22677706e-12]
		Ux: [  6.22685809e-12   1.77147246e-23   1.00000000e+00]
		Uy: [ -2.84488972e-12   1.00000000e+00   0.00000000e+00]
		Tens: [(14.7623220937-7.85674435069e-21j), (1.93346942282e-23-1.14081688516e-43j)]
		      [(1.93346942282e-23-1.14081688516e-43j), (14.7623220937-7.85674435069e-21j)]
		Waist Pos: (-0.067740020415151064, -0.067740020415151064)m
		Waist Size: (3.4943186954269293e-15, 3.4943186954269293e-15)m
		Rayleigh: (3.605232424378799e-23, 3.605232424378799e-23)m
		ROC: (0.067740020415151064, 0.067740020415151064)
	}
	Beam: Beam38 (LASttrtrtrtrtrtrtrtrtrtrtrt) {
		Power: 0.00886293811965W/Index: 1.4585/Wavelength: 1064.0nm/Length: 0.00550337450992m
		Order: 1
		Origin: [  4.62751687e-01  -6.79037256e-13   1.48630090e-12]
		Direction: [ -1.00000000e+00  -2.84488972e-12   6.22677706e-12]
		Ux: [  6.22685809e-12   1.77147246e-23   1.00000000e+00]
		Uy: [ -2.84488972e-12   1.00000000e+00   0.00000000e+00]
		Tens: [(-1.25420666306-1.15294741913e-22j), (6.78589200798e-23-1.41627829256e-45j)]
		      [(6.78589200798e-23-1.41627829256e-45j), (-1.25420666306-1.15294741913e-22j)]
		Waist Pos: (0.79731676561241949, 0.79731676561241949)m
		Waist Size: (4.1255163058760449e-15, 4.1255163058760449e-15)m
		Rayleigh: (7.3294484411332646e-23, 7.3294484411332646e-23)m
		ROC: (-0.79731676561241949, -0.79731676561241949)
	}
	Beam: Beam39 (LASttrtrtrtrtrtrtrtrtrtrtrtr) {
		Power: 0.00797664430769W/Index: 1.4585/Wavelength: 1064.0nm/Length: 0.00550337450992m
		Order: 1
		Origin: [  4.57248313e-01  -6.94693750e-13   1.52056918e-12]
		Direction: [  1.00000000e+00  -6.34788796e-12   1.38941344e-11]
		Ux: [ -1.38940583e-11   8.81979253e-23   1.00000000e+00]
		Uy: [ -6.34788796e-12  -1.00000000e+00  -1.17549435e-38]
		Tens: [(16.1370761707-1.16902987448e-22j), (1.64793888387e-22+2.29713193703e-44j)]
		      [(1.64793888387e-22+2.29713193703e-44j), (16.1370761707-1.16902987448e-22j)]
		Waist Pos: (-0.061969094613130001, -0.061969094613130001)m
		Waist Size: (3.2287217311502644e-16, 3.2287217311502644e-16)m
		Rayleigh: (4.4892719183341529e-25, 4.4892719183341529e-25)m
		ROC: (0.061969094613130001, 0.061969094613130001)
	}
	Beam: Beam40 (LASttrtrtrtrtrtrtrtrtrtrtrtrt) {
		Power: 0.00717897987692W/Index: 1.0/Wavelength: 1064.0nm/Length: 0.395289485477m
		Order: 1
		Origin: [  4.62751687e-01  -7.29628555e-13   1.59703381e-12]
		Direction: [  1.00000000e+00  -6.34788796e-12   1.38941344e-11]
		Ux: [ -1.38940583e-11   8.81979253e-23   1.00000000e+00]
		Uy: [ -6.34788796e-12  -1.00000000e+00  -1.17549435e-38]
		Tens: [(25.6051739052-1.43823263354e-22j), (1.68165525751e-21+2.8500721546e-44j)]
		      [(1.68165525751e-21+2.8500721546e-44j), (25.6051739052-1.43823263354e-22j)]
		Waist Pos: (-0.039054606842455236, -0.039054606842455236)m
		Waist Size: (2.725729265754047e-16, 2.725729265754047e-16)m
		Rayleigh: (2.1936820370253225e-25, 2.1936820370253225e-25)m
		ROC: (0.039054606842455236, 0.039054606842455236)
	}
	Beam: Beam41 (LASttrtrtrtrtrtrtrtrtrtrtrtrtr) {
		Power: 0.00646108188923W/Index: 1.0/Wavelength: 1064.0nm/Length: 0.395289485477m
		Order: 1
		Origin: [  8.58041173e-01  -3.23888192e-12   7.08923903e-12]
		Direction: [ -1.00000000e+00   2.06831692e-11  -4.52708231e-11]
		Ux: [ -4.52708369e-11   9.36344379e-22   1.00000000e+00]
		Uy: [  2.06831692e-11   1.00000000e+00   0.00000000e+00]
		Tens: [(14.7623220937-1.16280219062e-24j), (1.02197676157e-21-8.92452838194e-46j)]
		      [(1.02197676157e-21-8.92452838194e-46j), (14.7623220937-1.16280219062e-24j)]
		Waist Pos: (-0.067740020415151064, -0.067740020415151064)m
		Waist Size: (4.2510295264395806e-17, 4.2510295264395806e-17)m
		Rayleigh: (5.3357624655320475e-27, 5.3357624655320475e-27)m
		ROC: (0.067740020415151064, 0.067740020415151064)
	}
	Beam: Beam42 (LASttrtrtrtrtrtrtrtrtrtrtrtrtrt) {
		Power: 0.0058149737003W/Index: 1.4585/Wavelength: 1064.0nm/Length: 0.00550337450992m
		Order: 1
		Origin: [  4.62751687e-01   4.93695739e-12  -1.08058413e-11]
		Direction: [ -1.00000000e+00   2.06831692e-11  -4.52708231e-11]
		Ux: [ -4.52708369e-11   9.36344379e-22   1.00000000e+00]
		Uy: [  2.06831692e-11   1.00000000e+00   0.00000000e+00]
		Tens: [(-1.25420666306-1.70636808937e-26j), (3.58719681022e-21-1.10794543047e-47j)]
		      [(3.58719681022e-21-1.10794543047e-47j), (-1.25420666306-1.70636808937e-26j)]
		Waist Pos: (0.79731676561241949, 0.79731676561241949)m
		Waist Size: (5.0189158908255505e-17, 5.0189158908255505e-17)m
		Rayleigh: (1.0847621257591969e-26, 1.0847621257591969e-26)m
		ROC: (-0.79731676561241949, -0.79731676561241949)
	}
	Beam: Beam43 (LASttrtrtrtrtrtrtrtrtrtrtrtrtrtr) {
		Power: 0.00523347633027W/Index: 1.4585/Wavelength: 1064.0nm/Length: 0.00550337450992m
		Order: 1
		Origin: [  4.57248313e-01   5.05078461e-12  -1.10549836e-11]
		Direction: [  1.00000000e+00   4.61514063e-11  -1.01014948e-10]
		Ux: [  1.01014913e-10   4.66198029e-21   1.00000000e+00]
		Uy: [  4.61514063e-11  -1.00000000e+00   0.00000000e+00]
		Tens: [(16.1370761707-1.73017020571e-26j), (8.71030347578e-21+1.79703930507e-46j)]
		      [(8.71030347578e-21+1.79703930507e-46j), (16.1370761707-1.73017020571e-26j)]
		Waist Pos: (-0.061969094613130001, -0.061969094613130001)m
		Waist Size: (3.9279163144848637e-18, 3.9279163144848637e-18)m
		Rayleigh: (6.6441454474441544e-29, 6.6441454474441544e-29)m
		ROC: (0.061969094613130001, 0.061969094613130001)
	}
	Beam: Beam17 (LASttrtrtt) {
		Power: 0.0059049W/Index: 1.4585/Wavelength: 1064.0nm/Length: 0.00391765453658m
		Order: 2
		Origin: [  8.58041173e-01   1.81382151e-16  -3.38035246e-16]
		Direction: [  1.00000000e+00   3.28561774e-16  -6.75976701e-16]
		Ux: [  6.04901475e-16   1.98747502e-31   1.00000000e+00]
		Uy: [  3.28561774e-16  -1.00000000e+00   4.37905770e-47]
		Tens: [(-0.380072915536-1.12272384883e-05j), (-2.28991124609e-30+8.12535909455e-36j)]
		      [(-2.28991124609e-30+8.12535909455e-36j), (-0.380072915536-1.12272384883e-05j)]
		Waist Pos: (2.6310740867137343, 2.6310740867137343)m
		Waist Size: (4.2482709949194891e-06, 4.2482709949194891e-06)m
		Rayleigh: (7.7721129405563776e-05, 7.7721129405563776e-05)m
		ROC: (-2.6310740890095929, -2.6310740890095929)
	}
	Beam: Beam18 (LASttrtrttt) {
		Power: 0.00531441W/Index: 1.0/Wavelength: 1064.0nm/Length: 0.148041172732m
		Order: 2
		Origin: [  8.61958827e-01   1.82669343e-16  -3.40683489e-16]
		Direction: [  1.00000000e+00   3.28561774e-16  -6.75976701e-16]
		Ux: [  6.04901475e-16   1.98747502e-31   1.00000000e+00]
		Uy: [  3.28561774e-16  -1.00000000e+00   4.37905770e-47]
		Tens: [(2.30129201813-1.64238008162e-05j), (9.43359180963e-30+1.15910889472e-35j)]
		      [(9.43359180963e-30+1.15910889472e-35j), (2.30129201813-1.64238008162e-05j)]
		Waist Pos: (-0.43453850796439769, -0.43453850796439769)m
		Waist Size: (1.0248515945464435e-06, 1.0248515945464435e-06)m
		Rayleigh: (3.1012030831102916e-06, 3.1012030831102916e-06)m
		ROC: (0.43453850798653026, 0.43453850798653026)
	}
	Beam: Beam19 (LASttrtrtttr) {
		Power: 0.00530378118W/Index: 1.0/Wavelength: 1064.0nm/Length: 0.23m
		Order: 2
		Origin: [  1.01000000e+00   2.31310013e-16  -4.40755873e-16]
		Direction: [ -2.22044605e-16  -1.00000000e+00  -5.89381095e-16]
		Ux: [ -1.34315109e-31  -6.04901475e-16   1.00000000e+00]
		Uy: [ -1.00000000e+00   2.22044605e-16  -2.18952885e-47]
		Tens: [(1.71650339534-9.13733485425e-06j), (1.48641651074e-16-7.91253045489e-22j)]
		      [(1.48641651074e-16-7.91253045489e-22j), (1.71650339534-9.13733485425e-06j)]
		Waist Pos: (-0.58257968069610566, -0.58257968069610577)m
		Waist Size: (1.0248515945464435e-06, 1.0248515945464435e-06)m
		Rayleigh: (3.1012030831102912e-06, 3.1012030831102921e-06)m
		ROC: (0.58257968071261401, 0.58257968071261412)
	}
	Beam: Beam20 (LASttrtrtttrr) {
		Power: 0.00529317361764W/Index: 1.0/Wavelength: 1064.0nm/Length: 0.2m
		Order: 2
		Origin: [  1.01000000e+00  -2.30000000e-01  -5.76313525e-16]
		Direction: [ -1.00000000e+00   0.00000000e+00  -5.02785490e-16]
		Ux: [ -6.04901475e-16   0.00000000e+00   1.00000000e+00]
		Uy: [ 0.  1.  0.]
		Tens: [(1.23064854283-4.69675915597e-06j), (3.01641973497e-17-2.30242778755e-22j)]
		      [(3.01641973497e-17-2.30242778755e-22j), (1.23064854283-4.69675915597e-06j)]
		Waist Pos: (-0.81257968069610609, -0.81257968069610609)m
		Waist Size: (1.0248515945464435e-06, 1.0248515945464435e-06)m
		Rayleigh: (3.1012030831102912e-06, 3.1012030831102912e-06)m
		ROC: (0.81257968070794184, 0.81257968070794184)
	}
	Beam: Beam13 (LASttrtt) {
		Power: 0.00729W/Index: 1.0/Wavelength: 1064.0nm/Length: 0.0m
		Order: 2
		Origin: [  4.57248313e-01   4.96969382e-17  -6.71086107e-17]
		Direction: [ -1.00000000e+00   1.23996566e-16  -3.14571161e-16]
		Ux: [ -3.82856870e-16   4.74729370e-32   1.00000000e+00]
		Uy: [  1.23996566e-16   1.00000000e+00   0.00000000e+00]
		Tens: [(2.11717435509-0.00239629003338j), (-1.55746466615e-30+1.95846837436e-34j)]
		      [(-1.55746466615e-30+1.95846837436e-34j), (2.11717435509-0.00239629003338j)]
		Waist Pos: (-0.47232705069805581, -0.47232705069805581)m
		Waist Size: (1.3455773415733034e-05, 1.3455773415733034e-05)m
		Rayleigh: (0.00053459584061354732, 0.00053459584061354732)m
		ROC: (0.47232765577183328, 0.47232765577183328)
	}
	Beam: Beam6 (LASttt) {
		Power: 0.009W/Index: 1.4585/Wavelength: 1064.0nm/Length: 0.00391765453658m
		Order: 2
		Origin: [  8.58041173e-01   0.00000000e+00   5.89692645e-17]
		Direction: [  1.00000000e+00   0.00000000e+00   6.12323400e-17]
		Ux: [ -6.12323400e-17   0.00000000e+00   1.00000000e+00]
		Uy: [ 0. -1.  0.]
		Tens: [(-1.25249702396-0.0649624467317j), (-1.31709686457e-31-6.82338404921e-33j)]
		      [(-1.31709686457e-31-6.82338404921e-33j), (-1.25249702396-0.0649624467317j)]
		Waist Pos: (0.79626304906898993, 0.79626304906898993)m
		Waist Size: (9.7929554255152506e-05, 9.7929554255152506e-05)m
		Rayleigh: (0.041299256541237256, 0.041299256541237256)m
		ROC: (-0.79840509068809196, -0.79840509068809196)
	}
	Beam: Beam7 (LAStttt) {
		Power: 0.0081W/Index: 1.0/Wavelength: 1064.0nm/Length: 0.148041172732m
		Order: 2
		Origin: [  8.61958827e-01   0.00000000e+00   5.92091516e-17]
		Direction: [  1.00000000e+00   0.00000000e+00   6.12323400e-17]
		Ux: [ -6.12323400e-17   0.00000000e+00   1.00000000e+00]
		Uy: [ 0. -1.  0.]
		Tens: [(1.02070468969-0.0956844370327j), (-3.94660631474e-31-1.01495241853e-32j)]
		      [(-3.94660631474e-31-1.01495241853e-32j), (1.02070468969-0.0956844370327j)]
		Waist Pos: (-0.97118071311605059, -0.97118071311605059)m
		Waist Size: (0.00017559676071549277, 0.00017559676071549277)m
		Rayleigh: (0.091041885797558744, 0.091041885797558744)m
		ROC: (0.97971529875766772, 0.97971529875766772)
	}
	Beam: Beam8 (LASttttr) {
		Power: 0.0080838W/Index: 1.0/Wavelength: 1064.0nm/Length: 0.23m
		Order: 2
		Origin: [  1.01000000e+00   0.00000000e+00   6.82740591e-17]
		Direction: [  2.22044605e-16  -1.00000000e+00   1.47827946e-16]
		Ux: [ -1.35963107e-32   6.12323400e-17   1.00000000e+00]
		Uy: [ -1.00000000e+00  -2.22044605e-16   0.00000000e+00]
		Tens: [(0.887604750519-0.0722012420879j), (7.68626709255e-17-6.25231028537e-18j)]
		      [(7.68626709255e-17-6.25231028537e-18j), (0.887604750519-0.0722012420879j)]
		Waist Pos: (-1.1192218858477587, -1.1192218858477589)m
		Waist Size: (0.00017559676071549275, 0.0001755967607154928)m
		Rayleigh: (0.091041885797558716, 0.091041885797558758)m
		ROC: (1.126627588929858, 1.1266275889298583)
	}
	Beam: Beam9 (LASttttrr) {
		Power: 0.0080676324W/Index: 1.0/Wavelength: 1064.0nm/Length: 0.2m
		Order: 2
		Origin: [  1.01000000e+00  -2.30000000e-01   1.02274487e-16]
		Direction: [ -1.00000000e+00   2.22044605e-16   2.34423551e-16]
		Ux: [  2.83276945e-16  -6.29001173e-32   1.00000000e+00]
		Uy: [  2.22044605e-16   1.00000000e+00   0.00000000e+00]
		Tens: [(0.737808553515-0.0497853487067j), (-1.53033733243e-16+9.59138414787e-18j)]
		      [(-1.53033733243e-16+9.59138414787e-18j), (0.737808553515-0.0497853487067j)]
		Waist Pos: (-1.3492218858477583, -1.3492218858477589)m
		Waist Size: (0.00017559676071549269, 0.00017559676071549277)m
		Rayleigh: (0.091041885797558689, 0.091041885797558744)m
		ROC: (1.3553651489066492, 1.3553651489066498)
	}
}
