########theia output file for simulation:########
			PeriscopeSimulation


##########META DATA##########
Generated at: Fri May 19 11:32:52 2017
Input file: periscope.tia
Simulation Order: 0
Simulation Threshold: 0.5mW
Number of Components: 5
Number of Optics: 4

##########SIMULATION DATA##########
Simulation: PeriscopeSimulation (periscope.*) {
	InBeams: {
		Beam:  (ORI) {
			Power: 1.0W/Index: 1.0/Wavelength: 1064.0nm/Length: 0.196526356606m
			Order: 0
			Origin: [ 0.  0.  0.]
			Direction: [  1.00000000e+00   0.00000000e+00   6.12323400e-17]
			Ux: [ -6.12323400e-17   0.00000000e+00   1.00000000e+00]
			Uy: [ 0. -1.  0.]
			Tens: [-1.35473e-08j, 0j]
			      [0j, -1.35473e-08j]
			Waist Pos: (0.0, 0.0)m
			Waist Size: (4.9999999394101318, 4.9999999394101318)m
			Rayleigh: (73815615.071671039, 73815615.071671039)m
			ROC: inf
		}
	}
	BeamTrees: {
		Tree: {
			Root beam: 
			Number of beams: 7
		}
	}
}

##########BEAM LISTING##########
Tree: Root beam =  {
	Beam:  (ORI) {
		Power: 1.0W/Index: 1.0/Wavelength: 1064.0nm/Length: 0.196526356606m
		Order: 0
		Origin: [ 0.  0.  0.]
		Direction: [  1.00000000e+00   0.00000000e+00   6.12323400e-17]
		Ux: [ -6.12323400e-17   0.00000000e+00   1.00000000e+00]
		Uy: [ 0. -1.  0.]
		Tens: [-1.35473e-08j, 0j]
		      [0j, -1.35473e-08j]
		Waist Pos: (0.0, 0.0)m
		Waist Size: (4.9999999394101318, 4.9999999394101318)m
		Rayleigh: (73815615.071671039, 73815615.071671039)m
		ROC: inf
	}
	Beam: Beam1 (ORIt) {
		Power: 0.9W/Index: 1.4585/Wavelength: 1064.0nm/Length: 0.00694728688765m
		Order: 0
		Origin: [  1.96526357e-01   0.00000000e+00   1.20337687e-17]
		Direction: [  1.00000000e+00   0.00000000e+00   6.12323400e-17]
		Ux: [ -6.12323400e-17   0.00000000e+00   1.00000000e+00]
		Uy: [ 0. -1.  0.]
		Tens: [(-3.42817963661-9.28849440131e-09j), (-4.35202069803e-32+0j)]
		      [(-4.35202069803e-32+0j), (-3.42817963661-9.28849440131e-09j)]
		Waist Pos: (0.29170000000000001, 0.29170000000000001)m
		Waist Size: (1.354726892014758e-08, 1.354726892014758e-08)m
		Rayleigh: (7.9034767837882213e-10, 7.9034767837882213e-10)m
		ROC: (-0.29170000000000001, -0.29170000000000001)
	}
	Beam: Beam2 (ORItt) {
		Power: 0.81W/Index: 1.0/Wavelength: 1064.0nm/Length: 0.0965263565062m
		Order: 0
		Origin: [  2.03473643e-01   0.00000000e+00   1.24591673e-17]
		Direction: [  1.00000000e+00   0.00000000e+00   6.12323400e-17]
		Ux: [ -6.12323400e-17   0.00000000e+00   1.00000000e+00]
		Uy: [ 0. -1.  0.]
		Tens: [(-0.121988071891-1.42163751034e-08j), (-2.86206304117e-31-8.80630278445e-42j)]
		      [(-2.86206304117e-31-8.80630278445e-42j), (-0.121988071891-1.42163751034e-08j)]
		Waist Pos: (8.1975227946484726, 8.1975227946484726)m
		Waist Size: (5.6881749781086422e-07, 5.6881749781086422e-07)m
		Rayleigh: (9.5533159234901741e-07, 9.5533159234901741e-07)m
		ROC: (-8.1975227946485845, -8.1975227946485845)
	}
	Beam: Beam3 (ORIttr) {
		Power: 0.729W/Index: 1.0/Wavelength: 1064.0nm/Length: 0.0965263566062m
		Order: 0
		Origin: [  3.00000000e-01   0.00000000e+00   1.83697020e-17]
		Direction: [  2.22044605e-16   1.22464680e-16   1.00000000e+00]
		Ux: [ 1.  0.  0.]
		Uy: [ 0.  1.  0.]
		Tens: [(-0.123441604701-1.45571801792e-08j), (1.51172366078e-17+1.7827404111e-24j)]
		      [(1.51172366078e-17+1.7827404111e-24j), (-0.123441604701-1.45571801792e-08j)]
		Waist Pos: (8.1009964381422996, 8.1009964381422961)m
		Waist Size: (5.6881749781086433e-07, 5.6881749781086422e-07)m
		Rayleigh: (9.5533159234901762e-07, 9.553315923490172e-07)m
		ROC: (-8.1009964381424115, -8.100996438142408)
	}
	Beam: Beam4 (ORIttrt) {
		Power: 0.6561W/Index: 1.4585/Wavelength: 1064.0nm/Length: 0.00694728688765m
		Order: 0
		Origin: [  3.00000000e-01   1.18210694e-17   9.65263566e-02]
		Direction: [  2.22044605e-16   1.22464680e-16   1.00000000e+00]
		Ux: [ 1.  0.  0.]
		Uy: [ 0.  1.  0.]
		Tens: [(-3.51383626601-1.02230982597e-08j), (1.06164101395e-17+1.2821635727e-24j)]
		      [(1.06164101395e-17+1.2821635727e-24j), (-3.51383626601-1.02230982597e-08j)]
		Waist Pos: (0.28458924215455533, 0.28458924215455533)m
		Waist Size: (1.3866038687640888e-08, 1.386603868764089e-08)m
		Rayleigh: (8.2797932685313217e-10, 8.2797932685313238e-10)m
		ROC: (-0.28458924215455533, -0.28458924215455533)
	}
	Beam: Beam5 (ORIttrtt) {
		Power: 0.59049W/Index: 1.0/Wavelength: 1064.0nm/Length: 0.0965263565062m
		Order: 0
		Origin: [  3.00000000e-01   1.26718666e-17   1.03473643e-01]
		Direction: [  2.22044605e-16   1.22464680e-16   1.00000000e+00]
		Ux: [ 1.  0.  0.]
		Uy: [ 0.  1.  0.]
		Tens: [(-0.253168594775-1.56659140106e-08j), (1.62686266064e-17+1.96716096527e-24j)]
		      [(1.62686266064e-17+1.96716096527e-24j), (-0.253168594775-1.56659140106e-08j)]
		Waist Pos: (3.9499370010298231, 3.9499370010298231)m
		Waist Size: (2.8771593503776021e-07, 2.8771593503776026e-07)m
		Rayleigh: (2.4441962661469714e-07, 2.4441962661469724e-07)m
		ROC: (-3.9499370010298378, -3.9499370010298378)
	}
	Beam: Beam6 (ORIttrttr) {
		Power: 0.531441W/Index: 1.0/Wavelength: 1064.0nm/Length: 0.0m
		Order: 0
		Origin: [  3.00000000e-01   2.44929360e-17   2.00000000e-01]
		Direction: [  2.83276945e-16  -1.00000000e+00   0.00000000e+00]
		Ux: [ -1.73457102e-32   6.12323400e-17   1.00000000e+00]
		Uy: [ -1.00000000e+00  -2.83276945e-16   0.00000000e+00]
		Tens: [(-0.259510364259-1.64605935329e-08j), (7.47167560325e-17+5.77492729886e-24j)]
		      [(7.47167560325e-17+5.77492729886e-24j), (-0.259510364259-1.64605935329e-08j)]
		Waist Pos: (3.8534106445236489, 3.8534106445236453)m
		Waist Size: (2.8771593503776026e-07, 2.8771593503776005e-07)m
		Rayleigh: (2.4441962661469724e-07, 2.4441962661469693e-07)m
		ROC: (-3.8534106445236644, -3.8534106445236613)
	}
}
